TpTrace Verbose: 0 : 22324, 1, 2022/05/18, 14:21:31.992, 3209466378402, vstest.console.dll, Version: 17.2.0-release-20220408-11 Current process architecture: X64
TpTrace Information: 0 : 22324, 1, 2022/05/18, 14:21:32.000, 3209466463678, vstest.console.dll, FilePatternParser: The given file C:\Users\Cvetomir\Desktop\QA Automation\Selenium-Basics\Selenium-Basics\bin\Debug\net5.0\fine-code-coverage\build-output\Selenium-Basics.dll is a full path.
TpTrace Verbose: 0 : 22324, 1, 2022/05/18, 14:21:32.007, 3209466530853, vstest.console.dll, TestPluginCache.DiscoverTestExtensions: finding test extensions in assemblies ends with: RuntimeProvider.dll TPluginInfo: Microsoft.VisualStudio.TestPlatform.Common.ExtensionFramework.Utilities.TestRuntimePluginInformation TExtension: Microsoft.VisualStudio.TestPlatform.ObjectModel.Host.ITestRuntimeProvider
TpTrace Verbose: 0 : 22324, 1, 2022/05/18, 14:21:32.008, 3209466535234, vstest.console.dll, TestPluginCache.GetExtensionPaths: Filtered extension paths: 
TpTrace Verbose: 0 : 22324, 1, 2022/05/18, 14:21:32.008, 3209466536079, vstest.console.dll, TestPluginCache.GetExtensionPaths: Added default extension paths: C:\Program Files\dotnet\sdk\6.0.300\Extensions\DumpMinitool.exe
C:\Program Files\dotnet\sdk\6.0.300\Extensions\DumpMinitool.x86.exe
C:\Program Files\dotnet\sdk\6.0.300\Extensions\Microsoft.Diagnostics.NETCore.Client.dll
C:\Program Files\dotnet\sdk\6.0.300\Extensions\Microsoft.TestPlatform.Extensions.BlameDataCollector.dll
C:\Program Files\dotnet\sdk\6.0.300\Extensions\Microsoft.TestPlatform.Extensions.EventLogCollector.dll
C:\Program Files\dotnet\sdk\6.0.300\Extensions\Microsoft.TestPlatform.TestHostRuntimeProvider.dll
C:\Program Files\dotnet\sdk\6.0.300\Extensions\Microsoft.VisualStudio.TestPlatform.Extensions.Html.TestLogger.dll
C:\Program Files\dotnet\sdk\6.0.300\Extensions\Microsoft.VisualStudio.TestPlatform.Extensions.Trx.TestLogger.dll
TpTrace Verbose: 0 : 22324, 1, 2022/05/18, 14:21:32.008, 3209466536484, vstest.console.dll, TestPluginCache.GetExtensionPaths: Added unfilterableExtensionPaths: 
TpTrace Information: 0 : 22324, 1, 2022/05/18, 14:21:32.009, 3209466544252, vstest.console.dll, AssemblyResolver.ctor: Creating AssemblyResolver with searchDirectories C:\Program Files\dotnet\sdk\6.0.300\Extensions,C:\Program Files\dotnet\sdk\6.0.300
TpTrace Verbose: 0 : 22324, 1, 2022/05/18, 14:21:32.010, 3209466559231, vstest.console.dll, TestPluginCache.DiscoverTestExtensions: Discovering the extensions using extension path.
TpTrace Verbose: 0 : 22324, 1, 2022/05/18, 14:21:32.010, 3209466560876, vstest.console.dll, TestPluginCache.GetExtensionPaths: Filtered extension paths: 
TpTrace Verbose: 0 : 22324, 1, 2022/05/18, 14:21:32.010, 3209466561311, vstest.console.dll, TestPluginCache.GetExtensionPaths: Added default extension paths: C:\Program Files\dotnet\sdk\6.0.300\Extensions\DumpMinitool.exe
C:\Program Files\dotnet\sdk\6.0.300\Extensions\DumpMinitool.x86.exe
C:\Program Files\dotnet\sdk\6.0.300\Extensions\Microsoft.Diagnostics.NETCore.Client.dll
C:\Program Files\dotnet\sdk\6.0.300\Extensions\Microsoft.TestPlatform.Extensions.BlameDataCollector.dll
C:\Program Files\dotnet\sdk\6.0.300\Extensions\Microsoft.TestPlatform.Extensions.EventLogCollector.dll
C:\Program Files\dotnet\sdk\6.0.300\Extensions\Microsoft.TestPlatform.TestHostRuntimeProvider.dll
C:\Program Files\dotnet\sdk\6.0.300\Extensions\Microsoft.VisualStudio.TestPlatform.Extensions.Html.TestLogger.dll
C:\Program Files\dotnet\sdk\6.0.300\Extensions\Microsoft.VisualStudio.TestPlatform.Extensions.Trx.TestLogger.dll
TpTrace Verbose: 0 : 22324, 1, 2022/05/18, 14:21:32.010, 3209466561616, vstest.console.dll, TestPluginCache.GetExtensionPaths: Added unfilterableExtensionPaths: 
TpTrace Verbose: 0 : 22324, 1, 2022/05/18, 14:21:32.010, 3209466562265, vstest.console.dll, TestPluginCache.DiscoverTestExtensions: Discovering the extensions using allExtensionPaths: C:\Program Files\dotnet\sdk\6.0.300\Extensions\DumpMinitool.exe
C:\Program Files\dotnet\sdk\6.0.300\Extensions\DumpMinitool.x86.exe
C:\Program Files\dotnet\sdk\6.0.300\Extensions\Microsoft.Diagnostics.NETCore.Client.dll
C:\Program Files\dotnet\sdk\6.0.300\Extensions\Microsoft.TestPlatform.Extensions.BlameDataCollector.dll
C:\Program Files\dotnet\sdk\6.0.300\Extensions\Microsoft.TestPlatform.Extensions.EventLogCollector.dll
C:\Program Files\dotnet\sdk\6.0.300\Extensions\Microsoft.TestPlatform.TestHostRuntimeProvider.dll
C:\Program Files\dotnet\sdk\6.0.300\Extensions\Microsoft.VisualStudio.TestPlatform.Extensions.Html.TestLogger.dll
C:\Program Files\dotnet\sdk\6.0.300\Extensions\Microsoft.VisualStudio.TestPlatform.Extensions.Trx.TestLogger.dll
TpTrace Information: 0 : 22324, 1, 2022/05/18, 14:21:32.011, 3209466563952, vstest.console.dll, AssemblyResolver.AddSearchDirectories: Adding more searchDirectories C:\Program Files\dotnet\sdk\6.0.300\Extensions,C:\Program Files\dotnet\sdk\6.0.300
TpTrace Information: 0 : 22324, 1, 2022/05/18, 14:21:32.011, 3209466564533, vstest.console.dll, AssemblyResolver.AddSearchDirectories: Adding more searchDirectories C:\Program Files\dotnet\sdk\6.0.300\Extensions,C:\Program Files\dotnet\sdk\6.0.300
TpTrace Information: 0 : 22324, 1, 2022/05/18, 14:21:32.011, 3209466564843, vstest.console.dll, AssemblyResolver.AddSearchDirectories: Adding more searchDirectories C:\Program Files\dotnet\sdk\6.0.300\Extensions,C:\Program Files\dotnet\sdk\6.0.300
TpTrace Information: 0 : 22324, 1, 2022/05/18, 14:21:32.011, 3209466565124, vstest.console.dll, AssemblyResolver.AddSearchDirectories: Adding more searchDirectories C:\Program Files\dotnet\sdk\6.0.300\Extensions,C:\Program Files\dotnet\sdk\6.0.300
TpTrace Information: 0 : 22324, 1, 2022/05/18, 14:21:32.011, 3209466565443, vstest.console.dll, AssemblyResolver.AddSearchDirectories: Adding more searchDirectories C:\Program Files\dotnet\sdk\6.0.300\Extensions,C:\Program Files\dotnet\sdk\6.0.300
TpTrace Information: 0 : 22324, 1, 2022/05/18, 14:21:32.011, 3209466565730, vstest.console.dll, AssemblyResolver.AddSearchDirectories: Adding more searchDirectories C:\Program Files\dotnet\sdk\6.0.300\Extensions,C:\Program Files\dotnet\sdk\6.0.300
TpTrace Information: 0 : 22324, 1, 2022/05/18, 14:21:32.011, 3209466565994, vstest.console.dll, AssemblyResolver.AddSearchDirectories: Adding more searchDirectories C:\Program Files\dotnet\sdk\6.0.300\Extensions,C:\Program Files\dotnet\sdk\6.0.300
TpTrace Information: 0 : 22324, 1, 2022/05/18, 14:21:32.011, 3209466566298, vstest.console.dll, AssemblyResolver.AddSearchDirectories: Adding more searchDirectories C:\Program Files\dotnet\sdk\6.0.300\Extensions,C:\Program Files\dotnet\sdk\6.0.300
TpTrace Information: 0 : 22324, 1, 2022/05/18, 14:21:32.011, 3209466569989, vstest.console.dll, AssemblyResolver.OnResolve: DumpMinitool: Resolving assembly.
TpTrace Information: 0 : 22324, 1, 2022/05/18, 14:21:32.011, 3209466570671, vstest.console.dll, AssemblyResolver.OnResolve: DumpMinitool: Searching in: 'C:\Program Files\dotnet\sdk\6.0.300\Extensions'.
TpTrace Information: 0 : 22324, 1, 2022/05/18, 14:21:32.011, 3209466571759, vstest.console.dll, AssemblyResolver.OnResolve: DumpMinitool: Assembly path does not exist: 'C:\Program Files\dotnet\sdk\6.0.300\Extensions\DumpMinitool.dll', returning.
TpTrace Information: 0 : 22324, 1, 2022/05/18, 14:21:32.012, 3209466577896, vstest.console.dll, AssemblyResolver.OnResolve: DumpMinitool: Loading assembly 'C:\Program Files\dotnet\sdk\6.0.300\Extensions\DumpMinitool.exe'.
TpTrace Information: 0 : 22324, 1, 2022/05/18, 14:21:32.013, 3209466584694, vstest.console.dll, AssemblyResolver.OnResolve: Resolved assembly: DumpMinitool, from path: C:\Program Files\dotnet\sdk\6.0.300\Extensions\DumpMinitool.exe
TpTrace Verbose: 0 : 22324, 1, 2022/05/18, 14:21:32.030, 3209466758419, vstest.console.dll, MetadataReaderExtensionsHelper: Discovering extensions inside assembly 'DumpMinitool, Version=15.0.0.0, Culture=neutral, PublicKeyToken=b03f5f7f11d50a3a' file path 'C:\Program Files\dotnet\sdk\6.0.300\Extensions\DumpMinitool.exe'
TpTrace Information: 0 : 22324, 1, 2022/05/18, 14:21:32.039, 3209466848204, vstest.console.dll, AssemblyResolver.OnResolve: DumpMinitool.x86: Resolving assembly.
TpTrace Information: 0 : 22324, 1, 2022/05/18, 14:21:32.039, 3209466850185, vstest.console.dll, AssemblyResolver.OnResolve: DumpMinitool.x86: Searching in: 'C:\Program Files\dotnet\sdk\6.0.300\Extensions'.
TpTrace Information: 0 : 22324, 1, 2022/05/18, 14:21:32.039, 3209466851152, vstest.console.dll, AssemblyResolver.OnResolve: DumpMinitool.x86: Assembly path does not exist: 'C:\Program Files\dotnet\sdk\6.0.300\Extensions\DumpMinitool.x86.dll', returning.
TpTrace Information: 0 : 22324, 1, 2022/05/18, 14:21:32.040, 3209466854775, vstest.console.dll, AssemblyResolver.OnResolve: DumpMinitool.x86: Loading assembly 'C:\Program Files\dotnet\sdk\6.0.300\Extensions\DumpMinitool.x86.exe'.
TpTrace Information: 0 : 22324, 1, 2022/05/18, 14:21:32.040, 3209466859697, vstest.console.dll, AssemblyResolver.OnResolve: Resolved assembly: DumpMinitool.x86, from path: C:\Program Files\dotnet\sdk\6.0.300\Extensions\DumpMinitool.x86.exe
TpTrace Verbose: 0 : 22324, 1, 2022/05/18, 14:21:32.040, 3209466860289, vstest.console.dll, MetadataReaderExtensionsHelper: Discovering extensions inside assembly 'DumpMinitool.x86, Version=15.0.0.0, Culture=neutral, PublicKeyToken=b03f5f7f11d50a3a' file path 'C:\Program Files\dotnet\sdk\6.0.300\Extensions\DumpMinitool.x86.exe'
TpTrace Information: 0 : 22324, 1, 2022/05/18, 14:21:32.041, 3209466865756, vstest.console.dll, AssemblyResolver.OnResolve: Microsoft.Diagnostics.NETCore.Client: Resolving assembly.
TpTrace Information: 0 : 22324, 1, 2022/05/18, 14:21:32.041, 3209466866193, vstest.console.dll, AssemblyResolver.OnResolve: Microsoft.Diagnostics.NETCore.Client: Searching in: 'C:\Program Files\dotnet\sdk\6.0.300\Extensions'.
TpTrace Information: 0 : 22324, 1, 2022/05/18, 14:21:32.041, 3209466870733, vstest.console.dll, AssemblyResolver.OnResolve: Microsoft.Diagnostics.NETCore.Client: Loading assembly 'C:\Program Files\dotnet\sdk\6.0.300\Extensions\Microsoft.Diagnostics.NETCore.Client.dll'.
TpTrace Information: 0 : 22324, 1, 2022/05/18, 14:21:32.042, 3209466877126, vstest.console.dll, AssemblyResolver.OnResolve: Resolved assembly: Microsoft.Diagnostics.NETCore.Client, from path: C:\Program Files\dotnet\sdk\6.0.300\Extensions\Microsoft.Diagnostics.NETCore.Client.dll
TpTrace Verbose: 0 : 22324, 1, 2022/05/18, 14:21:32.042, 3209466877706, vstest.console.dll, MetadataReaderExtensionsHelper: Discovering extensions inside assembly 'Microsoft.Diagnostics.NETCore.Client, Version=0.2.5.801, Culture=neutral, PublicKeyToken=31bf3856ad364e35' file path 'C:\Program Files\dotnet\sdk\6.0.300\Extensions\Microsoft.Diagnostics.NETCore.Client.dll'
TpTrace Information: 0 : 22324, 1, 2022/05/18, 14:21:32.047, 3209466933385, vstest.console.dll, AssemblyResolver.OnResolve: Microsoft.Bcl.AsyncInterfaces: Resolving assembly.
TpTrace Information: 0 : 22324, 1, 2022/05/18, 14:21:32.048, 3209466934135, vstest.console.dll, AssemblyResolver.OnResolve: Microsoft.Bcl.AsyncInterfaces: Searching in: 'C:\Program Files\dotnet\sdk\6.0.300\Extensions'.
TpTrace Information: 0 : 22324, 1, 2022/05/18, 14:21:32.048, 3209466934994, vstest.console.dll, AssemblyResolver.OnResolve: Microsoft.Bcl.AsyncInterfaces: Assembly path does not exist: 'C:\Program Files\dotnet\sdk\6.0.300\Extensions\Microsoft.Bcl.AsyncInterfaces.dll', returning.
TpTrace Information: 0 : 22324, 1, 2022/05/18, 14:21:32.048, 3209466935652, vstest.console.dll, AssemblyResolver.OnResolve: Microsoft.Bcl.AsyncInterfaces: Assembly path does not exist: 'C:\Program Files\dotnet\sdk\6.0.300\Extensions\Microsoft.Bcl.AsyncInterfaces.exe', returning.
TpTrace Information: 0 : 22324, 1, 2022/05/18, 14:21:32.048, 3209466936008, vstest.console.dll, AssemblyResolver.OnResolve: Microsoft.Bcl.AsyncInterfaces: Searching in: 'C:\Program Files\dotnet\sdk\6.0.300'.
TpTrace Information: 0 : 22324, 1, 2022/05/18, 14:21:32.048, 3209466936708, vstest.console.dll, AssemblyResolver.OnResolve: Microsoft.Bcl.AsyncInterfaces: Assembly path does not exist: 'C:\Program Files\dotnet\sdk\6.0.300\Microsoft.Bcl.AsyncInterfaces.dll', returning.
TpTrace Information: 0 : 22324, 1, 2022/05/18, 14:21:32.048, 3209466937347, vstest.console.dll, AssemblyResolver.OnResolve: Microsoft.Bcl.AsyncInterfaces: Assembly path does not exist: 'C:\Program Files\dotnet\sdk\6.0.300\Microsoft.Bcl.AsyncInterfaces.exe', returning.
TpTrace Information: 0 : 22324, 1, 2022/05/18, 14:21:32.048, 3209466937781, vstest.console.dll, AssemblyResolver.OnResolve: Microsoft.Bcl.AsyncInterfaces: Failed to load assembly.
TpTrace Verbose: 0 : 22324, 1, 2022/05/18, 14:21:32.048, 3209466938262, vstest.console.dll, CurrentDomainAssemblyResolve: Resolving assembly 'Microsoft.Bcl.AsyncInterfaces'.
TpTrace Information: 0 : 22324, 1, 2022/05/18, 14:21:32.048, 3209466938862, vstest.console.dll, AssemblyResolver.OnResolve: Microsoft.Bcl.AsyncInterfaces: Resolving assembly.
TpTrace Information: 0 : 22324, 1, 2022/05/18, 14:21:32.048, 3209466939249, vstest.console.dll, AssemblyResolver.OnResolve: Microsoft.Bcl.AsyncInterfaces: Resolved from cache.
TpTrace Verbose: 0 : 22324, 1, 2022/05/18, 14:21:32.048, 3209466939535, vstest.console.dll, CurrentDomainAssemblyResolve: Resolving assembly 'Microsoft.Bcl.AsyncInterfaces'.
TpTrace Verbose: 0 : 22324, 1, 2022/05/18, 14:21:32.048, 3209466939873, vstest.console.dll, CurrentDomainAssemblyResolve: Failed to resolve assembly 'Microsoft.Bcl.AsyncInterfaces'.
TpTrace Verbose: 0 : 22324, 1, 2022/05/18, 14:21:32.049, 3209466946132, vstest.console.dll, CurrentDomainAssemblyResolve: Failed to resolve assembly 'Microsoft.Bcl.AsyncInterfaces'.
TpTrace Warning: 0 : 22324, 1, 2022/05/18, 14:21:32.062, 3209467076814, vstest.console.dll, TestPluginDiscoverer: Failed to get types from assembly 'Microsoft.Diagnostics.NETCore.Client, Version=0.2.5.801, Culture=neutral, PublicKeyToken=31bf3856ad364e35'. Error: System.Reflection.ReflectionTypeLoadException: Unable to load one or more of the requested types.
Could not load file or assembly 'Microsoft.Bcl.AsyncInterfaces, Version=1.0.0.0, Culture=neutral, PublicKeyToken=cc7b13ffcd2ddd51'. The system cannot find the file specified.
   at System.Reflection.RuntimeModule.GetTypes(RuntimeModule module)
   at System.Reflection.Assembly.GetTypes()
   at Microsoft.VisualStudio.TestPlatform.Common.ExtensionFramework.TestPluginDiscoverer.GetTestExtensionsFromAssembly[TPluginInfo,TExtension](Assembly assembly, Dictionary`2 pluginInfos, String filePath)
System.IO.FileNotFoundException: Could not load file or assembly 'Microsoft.Bcl.AsyncInterfaces, Version=1.0.0.0, Culture=neutral, PublicKeyToken=cc7b13ffcd2ddd51'. The system cannot find the file specified.
File name: 'Microsoft.Bcl.AsyncInterfaces, Version=1.0.0.0, Culture=neutral, PublicKeyToken=cc7b13ffcd2ddd51'
 ---> System.IO.FileNotFoundException: Could not load file or assembly 'Microsoft.Bcl.AsyncInterfaces, Culture=neutral, PublicKeyToken=null'. The system cannot find the file specified.
File name: 'Microsoft.Bcl.AsyncInterfaces, Culture=neutral, PublicKeyToken=null'
   at System.Reflection.RuntimeAssembly.InternalLoad(ObjectHandleOnStack assemblyName, ObjectHandleOnStack requestingAssembly, StackCrawlMarkHandle stackMark, Boolean throwOnFileNotFound, ObjectHandleOnStack assemblyLoadContext, ObjectHandleOnStack retAssembly)
   at System.Reflection.RuntimeAssembly.InternalLoad(AssemblyName assemblyName, RuntimeAssembly requestingAssembly, StackCrawlMark& stackMark, Boolean throwOnFileNotFound, AssemblyLoadContext assemblyLoadContext)
   at System.Reflection.Assembly.Load(AssemblyName assemblyRef)
   at Microsoft.VisualStudio.TestPlatform.Common.ExtensionFramework.TestPluginCache.CurrentDomainAssemblyResolve(Object sender, AssemblyResolveEventArgs args)
   at Microsoft.VisualStudio.TestPlatform.PlatformAbstractions.PlatformAssemblyResolver.AssemblyResolverEvent(Object sender, Object eventArgs)
   at System.Runtime.Loader.AssemblyLoadContext.GetFirstResolvedAssemblyFromResolvingEvent(AssemblyName assemblyName)
   at System.Runtime.Loader.AssemblyLoadContext.ResolveUsingEvent(AssemblyName assemblyName)
   at System.Runtime.Loader.AssemblyLoadContext.ResolveUsingResolvingEvent(IntPtr gchManagedAssemblyLoadContext, AssemblyName assemblyName)
TpTrace Warning: 0 : 22324, 1, 2022/05/18, 14:21:32.062, 3209467080063, vstest.console.dll, LoaderExceptions: System.IO.FileNotFoundException: Could not load file or assembly 'Microsoft.Bcl.AsyncInterfaces, Version=1.0.0.0, Culture=neutral, PublicKeyToken=cc7b13ffcd2ddd51'. The system cannot find the file specified.
File name: 'Microsoft.Bcl.AsyncInterfaces, Version=1.0.0.0, Culture=neutral, PublicKeyToken=cc7b13ffcd2ddd51'
 ---> System.IO.FileNotFoundException: Could not load file or assembly 'Microsoft.Bcl.AsyncInterfaces, Culture=neutral, PublicKeyToken=null'. The system cannot find the file specified.
File name: 'Microsoft.Bcl.AsyncInterfaces, Culture=neutral, PublicKeyToken=null'
   at System.Reflection.RuntimeAssembly.InternalLoad(ObjectHandleOnStack assemblyName, ObjectHandleOnStack requestingAssembly, StackCrawlMarkHandle stackMark, Boolean throwOnFileNotFound, ObjectHandleOnStack assemblyLoadContext, ObjectHandleOnStack retAssembly)
   at System.Reflection.RuntimeAssembly.InternalLoad(AssemblyName assemblyName, RuntimeAssembly requestingAssembly, StackCrawlMark& stackMark, Boolean throwOnFileNotFound, AssemblyLoadContext assemblyLoadContext)
   at System.Reflection.Assembly.Load(AssemblyName assemblyRef)
   at Microsoft.VisualStudio.TestPlatform.Common.ExtensionFramework.TestPluginCache.CurrentDomainAssemblyResolve(Object sender, AssemblyResolveEventArgs args)
   at Microsoft.VisualStudio.TestPlatform.PlatformAbstractions.PlatformAssemblyResolver.AssemblyResolverEvent(Object sender, Object eventArgs)
   at System.Runtime.Loader.AssemblyLoadContext.GetFirstResolvedAssemblyFromResolvingEvent(AssemblyName assemblyName)
   at System.Runtime.Loader.AssemblyLoadContext.ResolveUsingEvent(AssemblyName assemblyName)
   at System.Runtime.Loader.AssemblyLoadContext.ResolveUsingResolvingEvent(IntPtr gchManagedAssemblyLoadContext, AssemblyName assemblyName)
TpTrace Information: 0 : 22324, 1, 2022/05/18, 14:21:32.062, 3209467081138, vstest.console.dll, AssemblyResolver.OnResolve: Microsoft.TestPlatform.Extensions.BlameDataCollector: Resolving assembly.
TpTrace Information: 0 : 22324, 1, 2022/05/18, 14:21:32.062, 3209467081509, vstest.console.dll, AssemblyResolver.OnResolve: Microsoft.TestPlatform.Extensions.BlameDataCollector: Searching in: 'C:\Program Files\dotnet\sdk\6.0.300\Extensions'.
TpTrace Information: 0 : 22324, 1, 2022/05/18, 14:21:32.063, 3209467088343, vstest.console.dll, AssemblyResolver.OnResolve: Microsoft.TestPlatform.Extensions.BlameDataCollector: Loading assembly 'C:\Program Files\dotnet\sdk\6.0.300\Extensions\Microsoft.TestPlatform.Extensions.BlameDataCollector.dll'.
TpTrace Information: 0 : 22324, 1, 2022/05/18, 14:21:32.064, 3209467098172, vstest.console.dll, AssemblyResolver.OnResolve: Resolved assembly: Microsoft.TestPlatform.Extensions.BlameDataCollector, from path: C:\Program Files\dotnet\sdk\6.0.300\Extensions\Microsoft.TestPlatform.Extensions.BlameDataCollector.dll
TpTrace Verbose: 0 : 22324, 1, 2022/05/18, 14:21:32.064, 3209467099993, vstest.console.dll, MetadataReaderExtensionsHelper: Discovering extensions inside assembly 'Microsoft.TestPlatform.Extensions.BlameDataCollector, Version=15.0.0.0, Culture=neutral, PublicKeyToken=b03f5f7f11d50a3a' file path 'C:\Program Files\dotnet\sdk\6.0.300\Extensions\Microsoft.TestPlatform.Extensions.BlameDataCollector.dll'
TpTrace Information: 0 : 22324, 1, 2022/05/18, 14:21:32.066, 3209467120717, vstest.console.dll, AssemblyResolver.OnResolve: Microsoft.TestPlatform.Extensions.EventLogCollector: Resolving assembly.
TpTrace Information: 0 : 22324, 1, 2022/05/18, 14:21:32.066, 3209467121582, vstest.console.dll, AssemblyResolver.OnResolve: Microsoft.TestPlatform.Extensions.EventLogCollector: Searching in: 'C:\Program Files\dotnet\sdk\6.0.300\Extensions'.
TpTrace Information: 0 : 22324, 1, 2022/05/18, 14:21:32.067, 3209467126093, vstest.console.dll, AssemblyResolver.OnResolve: Microsoft.TestPlatform.Extensions.EventLogCollector: Loading assembly 'C:\Program Files\dotnet\sdk\6.0.300\Extensions\Microsoft.TestPlatform.Extensions.EventLogCollector.dll'.
TpTrace Information: 0 : 22324, 1, 2022/05/18, 14:21:32.067, 3209467132120, vstest.console.dll, AssemblyResolver.OnResolve: Resolved assembly: Microsoft.TestPlatform.Extensions.EventLogCollector, from path: C:\Program Files\dotnet\sdk\6.0.300\Extensions\Microsoft.TestPlatform.Extensions.EventLogCollector.dll
TpTrace Verbose: 0 : 22324, 1, 2022/05/18, 14:21:32.067, 3209467132833, vstest.console.dll, MetadataReaderExtensionsHelper: Discovering extensions inside assembly 'Microsoft.TestPlatform.Extensions.EventLogCollector, Version=15.0.0.0, Culture=neutral, PublicKeyToken=b03f5f7f11d50a3a' file path 'C:\Program Files\dotnet\sdk\6.0.300\Extensions\Microsoft.TestPlatform.Extensions.EventLogCollector.dll'
TpTrace Information: 0 : 22324, 1, 2022/05/18, 14:21:32.069, 3209467149272, vstest.console.dll, AssemblyResolver.OnResolve: Microsoft.TestPlatform.TestHostRuntimeProvider: Resolving assembly.
TpTrace Information: 0 : 22324, 1, 2022/05/18, 14:21:32.069, 3209467150234, vstest.console.dll, AssemblyResolver.OnResolve: Microsoft.TestPlatform.TestHostRuntimeProvider: Searching in: 'C:\Program Files\dotnet\sdk\6.0.300\Extensions'.
TpTrace Information: 0 : 22324, 1, 2022/05/18, 14:21:32.070, 3209467154526, vstest.console.dll, AssemblyResolver.OnResolve: Microsoft.TestPlatform.TestHostRuntimeProvider: Loading assembly 'C:\Program Files\dotnet\sdk\6.0.300\Extensions\Microsoft.TestPlatform.TestHostRuntimeProvider.dll'.
TpTrace Information: 0 : 22324, 1, 2022/05/18, 14:21:32.070, 3209467161501, vstest.console.dll, AssemblyResolver.OnResolve: Resolved assembly: Microsoft.TestPlatform.TestHostRuntimeProvider, from path: C:\Program Files\dotnet\sdk\6.0.300\Extensions\Microsoft.TestPlatform.TestHostRuntimeProvider.dll
TpTrace Verbose: 0 : 22324, 1, 2022/05/18, 14:21:32.070, 3209467162249, vstest.console.dll, MetadataReaderExtensionsHelper: Discovering extensions inside assembly 'Microsoft.TestPlatform.TestHostRuntimeProvider, Version=15.0.0.0, Culture=neutral, PublicKeyToken=b03f5f7f11d50a3a' file path 'C:\Program Files\dotnet\sdk\6.0.300\Extensions\Microsoft.TestPlatform.TestHostRuntimeProvider.dll'
TpTrace Information: 0 : 22324, 1, 2022/05/18, 14:21:32.073, 3209467188011, vstest.console.dll, GetTestExtensionFromType: Register extension with identifier data 'HostProvider://DefaultTestHost' and type 'Microsoft.VisualStudio.TestPlatform.CrossPlatEngine.Hosting.DefaultTestHostManager, Microsoft.TestPlatform.TestHostRuntimeProvider, Version=15.0.0.0, Culture=neutral, PublicKeyToken=b03f5f7f11d50a3a' inside file 'C:\Program Files\dotnet\sdk\6.0.300\Extensions\Microsoft.TestPlatform.TestHostRuntimeProvider.dll'
TpTrace Information: 0 : 22324, 1, 2022/05/18, 14:21:32.073, 3209467189122, vstest.console.dll, GetTestExtensionFromType: Register extension with identifier data 'HostProvider://DotnetTestHost' and type 'Microsoft.VisualStudio.TestPlatform.CrossPlatEngine.Hosting.DotnetTestHostManager, Microsoft.TestPlatform.TestHostRuntimeProvider, Version=15.0.0.0, Culture=neutral, PublicKeyToken=b03f5f7f11d50a3a' inside file 'C:\Program Files\dotnet\sdk\6.0.300\Extensions\Microsoft.TestPlatform.TestHostRuntimeProvider.dll'
TpTrace Information: 0 : 22324, 1, 2022/05/18, 14:21:32.073, 3209467189954, vstest.console.dll, AssemblyResolver.OnResolve: Microsoft.VisualStudio.TestPlatform.Extensions.Html.TestLogger: Resolving assembly.
TpTrace Information: 0 : 22324, 1, 2022/05/18, 14:21:32.073, 3209467190313, vstest.console.dll, AssemblyResolver.OnResolve: Microsoft.VisualStudio.TestPlatform.Extensions.Html.TestLogger: Searching in: 'C:\Program Files\dotnet\sdk\6.0.300\Extensions'.
TpTrace Information: 0 : 22324, 1, 2022/05/18, 14:21:32.074, 3209467195204, vstest.console.dll, AssemblyResolver.OnResolve: Microsoft.VisualStudio.TestPlatform.Extensions.Html.TestLogger: Loading assembly 'C:\Program Files\dotnet\sdk\6.0.300\Extensions\Microsoft.VisualStudio.TestPlatform.Extensions.Html.TestLogger.dll'.
TpTrace Information: 0 : 22324, 1, 2022/05/18, 14:21:32.074, 3209467201638, vstest.console.dll, AssemblyResolver.OnResolve: Resolved assembly: Microsoft.VisualStudio.TestPlatform.Extensions.Html.TestLogger, from path: C:\Program Files\dotnet\sdk\6.0.300\Extensions\Microsoft.VisualStudio.TestPlatform.Extensions.Html.TestLogger.dll
TpTrace Verbose: 0 : 22324, 1, 2022/05/18, 14:21:32.074, 3209467202380, vstest.console.dll, MetadataReaderExtensionsHelper: Discovering extensions inside assembly 'Microsoft.VisualStudio.TestPlatform.Extensions.Html.TestLogger, Version=15.0.0.0, Culture=neutral, PublicKeyToken=b03f5f7f11d50a3a' file path 'C:\Program Files\dotnet\sdk\6.0.300\Extensions\Microsoft.VisualStudio.TestPlatform.Extensions.Html.TestLogger.dll'
TpTrace Information: 0 : 22324, 1, 2022/05/18, 14:21:32.075, 3209467212441, vstest.console.dll, AssemblyResolver.OnResolve: Microsoft.VisualStudio.TestPlatform.Extensions.Trx.TestLogger: Resolving assembly.
TpTrace Information: 0 : 22324, 1, 2022/05/18, 14:21:32.075, 3209467213111, vstest.console.dll, AssemblyResolver.OnResolve: Microsoft.VisualStudio.TestPlatform.Extensions.Trx.TestLogger: Searching in: 'C:\Program Files\dotnet\sdk\6.0.300\Extensions'.
TpTrace Information: 0 : 22324, 1, 2022/05/18, 14:21:32.076, 3209467217221, vstest.console.dll, AssemblyResolver.OnResolve: Microsoft.VisualStudio.TestPlatform.Extensions.Trx.TestLogger: Loading assembly 'C:\Program Files\dotnet\sdk\6.0.300\Extensions\Microsoft.VisualStudio.TestPlatform.Extensions.Trx.TestLogger.dll'.
TpTrace Information: 0 : 22324, 1, 2022/05/18, 14:21:32.077, 3209467223924, vstest.console.dll, AssemblyResolver.OnResolve: Resolved assembly: Microsoft.VisualStudio.TestPlatform.Extensions.Trx.TestLogger, from path: C:\Program Files\dotnet\sdk\6.0.300\Extensions\Microsoft.VisualStudio.TestPlatform.Extensions.Trx.TestLogger.dll
TpTrace Verbose: 0 : 22324, 1, 2022/05/18, 14:21:32.077, 3209467224658, vstest.console.dll, MetadataReaderExtensionsHelper: Discovering extensions inside assembly 'Microsoft.VisualStudio.TestPlatform.Extensions.Trx.TestLogger, Version=15.0.0.0, Culture=neutral, PublicKeyToken=b03f5f7f11d50a3a' file path 'C:\Program Files\dotnet\sdk\6.0.300\Extensions\Microsoft.VisualStudio.TestPlatform.Extensions.Trx.TestLogger.dll'
TpTrace Verbose: 0 : 22324, 1, 2022/05/18, 14:21:32.078, 3209467235501, vstest.console.dll, TestPluginCache: Discovered the extensions using extension path ''.
TpTrace Verbose: 0 : 22324, 1, 2022/05/18, 14:21:32.078, 3209467237295, vstest.console.dll, TestPluginCache: Discoverers are ''.
TpTrace Verbose: 0 : 22324, 1, 2022/05/18, 14:21:32.078, 3209467237558, vstest.console.dll, TestPluginCache: Executors are ''.
TpTrace Verbose: 0 : 22324, 1, 2022/05/18, 14:21:32.078, 3209467237787, vstest.console.dll, TestPluginCache: Executors2 are ''.
TpTrace Verbose: 0 : 22324, 1, 2022/05/18, 14:21:32.078, 3209467238242, vstest.console.dll, TestPluginCache: Setting providers are ''.
TpTrace Verbose: 0 : 22324, 1, 2022/05/18, 14:21:32.078, 3209467238485, vstest.console.dll, TestPluginCache: Loggers are ''.
TpTrace Verbose: 0 : 22324, 1, 2022/05/18, 14:21:32.078, 3209467239913, vstest.console.dll, TestPluginCache: TestHosts are 'HostProvider://DefaultTestHost,HostProvider://DotnetTestHost'.
TpTrace Verbose: 0 : 22324, 1, 2022/05/18, 14:21:32.078, 3209467240258, vstest.console.dll, TestPluginCache: DataCollectors are ''.
TpTrace Information: 0 : 22324, 1, 2022/05/18, 14:21:32.091, 3209467373725, vstest.console.dll, RunTestsArgumentProcessor:Execute: Test run is starting.
TpTrace Verbose: 0 : 22324, 1, 2022/05/18, 14:21:32.092, 3209467375298, vstest.console.dll, RunTestsArgumentProcessor:Execute: Queuing Test run.
TpTrace Information: 0 : 22324, 1, 2022/05/18, 14:21:32.092, 3209467378000, vstest.console.dll, TestRequestManager.RunTests: run tests started.
TpTrace Information: 0 : 22324, 1, 2022/05/18, 14:21:32.094, 3209467402469, vstest.console.dll, AssemblyMetadataProvider.GetFrameWork: Determined framework:'.NETCoreApp,Version=v5.0' for source: 'C:\Users\Cvetomir\Desktop\QA Automation\Selenium-Basics\Selenium-Basics\bin\Debug\net5.0\fine-code-coverage\build-output\Selenium-Basics.dll'
TpTrace Information: 0 : 22324, 1, 2022/05/18, 14:21:32.095, 3209467404283, vstest.console.dll, Determined framework for all sources: .NETCoreApp,Version=v5.0
TpTrace Verbose: 0 : 22324, 1, 2022/05/18, 14:21:32.095, 3209467408404, vstest.console.dll, TestRequestManager.UpdateRunSettingsIfRequired: Default architecture: X64 IsDefaultTargetArchitecture: True, Current process architecture: X64 OperatingSystem: Windows.
TpTrace Information: 0 : 22324, 1, 2022/05/18, 14:21:32.095, 3209467410978, vstest.console.dll, AssemblyMetadataProvider.GetArchitecture: Determined architecture:AnyCPU info for assembly: C:\Users\Cvetomir\Desktop\QA Automation\Selenium-Basics\Selenium-Basics\bin\Debug\net5.0\fine-code-coverage\build-output\Selenium-Basics.dll
TpTrace Information: 0 : 22324, 1, 2022/05/18, 14:21:32.095, 3209467411367, vstest.console.dll, Determined platform for source 'C:\Users\Cvetomir\Desktop\QA Automation\Selenium-Basics\Selenium-Basics\bin\Debug\net5.0\fine-code-coverage\build-output\Selenium-Basics.dll' is 'AnyCPU'
TpTrace Information: 0 : 22324, 1, 2022/05/18, 14:21:32.097, 3209467429478, vstest.console.dll, Determined platform for all sources: X64
TpTrace Information: 0 : 22324, 1, 2022/05/18, 14:21:32.097, 3209467430736, vstest.console.dll, Infered platform 'X64'.
TpTrace Information: 0 : 22324, 1, 2022/05/18, 14:21:32.097, 3209467431242, vstest.console.dll, Platform update to 'X64' required.
TpTrace Information: 0 : 22324, 1, 2022/05/18, 14:21:32.100, 3209467454744, vstest.console.dll, Compatible sources list: 
TpTrace Information: 0 : 22324, 1, 2022/05/18, 14:21:32.100, 3209467455578, vstest.console.dll, C:\Users\Cvetomir\Desktop\QA Automation\Selenium-Basics\Selenium-Basics\bin\Debug\net5.0\fine-code-coverage\build-output\Selenium-Basics.dll
TpTrace Information: 0 : 22324, 1, 2022/05/18, 14:21:32.102, 3209467478367, vstest.console.dll, InferRunSettingsHelper.IsTestSettingsEnabled: Unable to navigate to RunSettings/MSTest. Current node: RunSettings
TpTrace Information: 0 : 22324, 1, 2022/05/18, 14:21:32.103, 3209467484695, vstest.console.dll, AssemblyResolver.OnResolve: Microsoft.VisualStudio.TestPlatform.Fakes: Resolving assembly.
TpTrace Information: 0 : 22324, 1, 2022/05/18, 14:21:32.103, 3209467485219, vstest.console.dll, AssemblyResolver.OnResolve: Microsoft.VisualStudio.TestPlatform.Fakes: Searching in: 'C:\Program Files\dotnet\sdk\6.0.300\Extensions'.
TpTrace Information: 0 : 22324, 1, 2022/05/18, 14:21:32.103, 3209467486318, vstest.console.dll, AssemblyResolver.OnResolve: Microsoft.VisualStudio.TestPlatform.Fakes: Assembly path does not exist: 'C:\Program Files\dotnet\sdk\6.0.300\Extensions\Microsoft.VisualStudio.TestPlatform.Fakes.dll', returning.
TpTrace Information: 0 : 22324, 1, 2022/05/18, 14:21:32.103, 3209467487086, vstest.console.dll, AssemblyResolver.OnResolve: Microsoft.VisualStudio.TestPlatform.Fakes: Assembly path does not exist: 'C:\Program Files\dotnet\sdk\6.0.300\Extensions\Microsoft.VisualStudio.TestPlatform.Fakes.exe', returning.
TpTrace Information: 0 : 22324, 1, 2022/05/18, 14:21:32.103, 3209467487388, vstest.console.dll, AssemblyResolver.OnResolve: Microsoft.VisualStudio.TestPlatform.Fakes: Searching in: 'C:\Program Files\dotnet\sdk\6.0.300'.
TpTrace Information: 0 : 22324, 1, 2022/05/18, 14:21:32.103, 3209467488086, vstest.console.dll, AssemblyResolver.OnResolve: Microsoft.VisualStudio.TestPlatform.Fakes: Assembly path does not exist: 'C:\Program Files\dotnet\sdk\6.0.300\Microsoft.VisualStudio.TestPlatform.Fakes.dll', returning.
TpTrace Information: 0 : 22324, 1, 2022/05/18, 14:21:32.103, 3209467488820, vstest.console.dll, AssemblyResolver.OnResolve: Microsoft.VisualStudio.TestPlatform.Fakes: Assembly path does not exist: 'C:\Program Files\dotnet\sdk\6.0.300\Microsoft.VisualStudio.TestPlatform.Fakes.exe', returning.
TpTrace Information: 0 : 22324, 1, 2022/05/18, 14:21:32.103, 3209467489176, vstest.console.dll, AssemblyResolver.OnResolve: Microsoft.VisualStudio.TestPlatform.Fakes: Failed to load assembly.
TpTrace Information: 0 : 22324, 1, 2022/05/18, 14:21:32.103, 3209467491408, vstest.console.dll, Failed to load assembly Microsoft.VisualStudio.TestPlatform.Fakes, Version=17.0.0.0, Culture=neutral. Reason:System.IO.FileNotFoundException: Could not load file or assembly 'Microsoft.VisualStudio.TestPlatform.Fakes, Version=17.0.0.0, Culture=neutral, PublicKeyToken=null'. The system cannot find the file specified.
File name: 'Microsoft.VisualStudio.TestPlatform.Fakes, Version=17.0.0.0, Culture=neutral, PublicKeyToken=null'
   at System.Reflection.RuntimeAssembly.InternalLoad(ObjectHandleOnStack assemblyName, ObjectHandleOnStack requestingAssembly, StackCrawlMarkHandle stackMark, Boolean throwOnFileNotFound, ObjectHandleOnStack assemblyLoadContext, ObjectHandleOnStack retAssembly)
   at System.Reflection.RuntimeAssembly.InternalLoad(AssemblyName assemblyName, RuntimeAssembly requestingAssembly, StackCrawlMark& stackMark, Boolean throwOnFileNotFound, AssemblyLoadContext assemblyLoadContext)
   at System.Reflection.Assembly.Load(AssemblyName assemblyRef)
   at Microsoft.VisualStudio.TestPlatform.Common.Utilities.FakesUtilities.LoadTestPlatformAssembly()
TpTrace Verbose: 0 : 22324, 1, 2022/05/18, 14:21:32.107, 3209467524236, vstest.console.dll, TestPluginCache.DiscoverTestExtensions: finding test extensions in assemblies ends with: TestLogger.dll TPluginInfo: Microsoft.VisualStudio.TestPlatform.Common.ExtensionFramework.Utilities.TestLoggerPluginInformation TExtension: Microsoft.VisualStudio.TestPlatform.ObjectModel.Client.ITestLogger
TpTrace Verbose: 0 : 22324, 1, 2022/05/18, 14:21:32.107, 3209467525241, vstest.console.dll, TestPluginCache.GetExtensionPaths: Filtered extension paths: 
TpTrace Verbose: 0 : 22324, 1, 2022/05/18, 14:21:32.107, 3209467525568, vstest.console.dll, TestPluginCache.GetExtensionPaths: Added default extension paths: C:\Program Files\dotnet\sdk\6.0.300\Extensions\DumpMinitool.exe
C:\Program Files\dotnet\sdk\6.0.300\Extensions\DumpMinitool.x86.exe
C:\Program Files\dotnet\sdk\6.0.300\Extensions\Microsoft.Diagnostics.NETCore.Client.dll
C:\Program Files\dotnet\sdk\6.0.300\Extensions\Microsoft.TestPlatform.Extensions.BlameDataCollector.dll
C:\Program Files\dotnet\sdk\6.0.300\Extensions\Microsoft.TestPlatform.Extensions.EventLogCollector.dll
C:\Program Files\dotnet\sdk\6.0.300\Extensions\Microsoft.TestPlatform.TestHostRuntimeProvider.dll
C:\Program Files\dotnet\sdk\6.0.300\Extensions\Microsoft.VisualStudio.TestPlatform.Extensions.Html.TestLogger.dll
C:\Program Files\dotnet\sdk\6.0.300\Extensions\Microsoft.VisualStudio.TestPlatform.Extensions.Trx.TestLogger.dll
TpTrace Verbose: 0 : 22324, 1, 2022/05/18, 14:21:32.107, 3209467525918, vstest.console.dll, TestPluginCache.GetExtensionPaths: Added unfilterableExtensionPaths: 
TpTrace Information: 0 : 22324, 1, 2022/05/18, 14:21:32.107, 3209467527397, vstest.console.dll, AssemblyResolver.AddSearchDirectories: Adding more searchDirectories C:\Program Files\dotnet\sdk\6.0.300\Extensions,C:\Program Files\dotnet\sdk\6.0.300
TpTrace Verbose: 0 : 22324, 1, 2022/05/18, 14:21:32.107, 3209467527805, vstest.console.dll, TestPluginCache.DiscoverTestExtensions: Discovering the extensions using extension path.
TpTrace Verbose: 0 : 22324, 1, 2022/05/18, 14:21:32.107, 3209467528115, vstest.console.dll, TestPluginCache.GetExtensionPaths: Filtered extension paths: 
TpTrace Verbose: 0 : 22324, 1, 2022/05/18, 14:21:32.107, 3209467528653, vstest.console.dll, TestPluginCache.GetExtensionPaths: Added default extension paths: C:\Program Files\dotnet\sdk\6.0.300\Extensions\DumpMinitool.exe
C:\Program Files\dotnet\sdk\6.0.300\Extensions\DumpMinitool.x86.exe
C:\Program Files\dotnet\sdk\6.0.300\Extensions\Microsoft.Diagnostics.NETCore.Client.dll
C:\Program Files\dotnet\sdk\6.0.300\Extensions\Microsoft.TestPlatform.Extensions.BlameDataCollector.dll
C:\Program Files\dotnet\sdk\6.0.300\Extensions\Microsoft.TestPlatform.Extensions.EventLogCollector.dll
C:\Program Files\dotnet\sdk\6.0.300\Extensions\Microsoft.TestPlatform.TestHostRuntimeProvider.dll
C:\Program Files\dotnet\sdk\6.0.300\Extensions\Microsoft.VisualStudio.TestPlatform.Extensions.Html.TestLogger.dll
C:\Program Files\dotnet\sdk\6.0.300\Extensions\Microsoft.VisualStudio.TestPlatform.Extensions.Trx.TestLogger.dll
TpTrace Verbose: 0 : 22324, 1, 2022/05/18, 14:21:32.107, 3209467529080, vstest.console.dll, TestPluginCache.GetExtensionPaths: Added unfilterableExtensionPaths: 
TpTrace Verbose: 0 : 22324, 1, 2022/05/18, 14:21:32.107, 3209467529430, vstest.console.dll, TestPluginCache.DiscoverTestExtensions: Discovering the extensions using allExtensionPaths: C:\Program Files\dotnet\sdk\6.0.300\Extensions\DumpMinitool.exe
C:\Program Files\dotnet\sdk\6.0.300\Extensions\DumpMinitool.x86.exe
C:\Program Files\dotnet\sdk\6.0.300\Extensions\Microsoft.Diagnostics.NETCore.Client.dll
C:\Program Files\dotnet\sdk\6.0.300\Extensions\Microsoft.TestPlatform.Extensions.BlameDataCollector.dll
C:\Program Files\dotnet\sdk\6.0.300\Extensions\Microsoft.TestPlatform.Extensions.EventLogCollector.dll
C:\Program Files\dotnet\sdk\6.0.300\Extensions\Microsoft.TestPlatform.TestHostRuntimeProvider.dll
C:\Program Files\dotnet\sdk\6.0.300\Extensions\Microsoft.VisualStudio.TestPlatform.Extensions.Html.TestLogger.dll
C:\Program Files\dotnet\sdk\6.0.300\Extensions\Microsoft.VisualStudio.TestPlatform.Extensions.Trx.TestLogger.dll
TpTrace Information: 0 : 22324, 1, 2022/05/18, 14:21:32.107, 3209467529833, vstest.console.dll, AssemblyResolver.AddSearchDirectories: Adding more searchDirectories C:\Program Files\dotnet\sdk\6.0.300\Extensions,C:\Program Files\dotnet\sdk\6.0.300
TpTrace Information: 0 : 22324, 1, 2022/05/18, 14:21:32.107, 3209467530143, vstest.console.dll, AssemblyResolver.AddSearchDirectories: Adding more searchDirectories C:\Program Files\dotnet\sdk\6.0.300\Extensions,C:\Program Files\dotnet\sdk\6.0.300
TpTrace Information: 0 : 22324, 1, 2022/05/18, 14:21:32.107, 3209467530474, vstest.console.dll, AssemblyResolver.AddSearchDirectories: Adding more searchDirectories C:\Program Files\dotnet\sdk\6.0.300\Extensions,C:\Program Files\dotnet\sdk\6.0.300
TpTrace Information: 0 : 22324, 1, 2022/05/18, 14:21:32.107, 3209467530743, vstest.console.dll, AssemblyResolver.AddSearchDirectories: Adding more searchDirectories C:\Program Files\dotnet\sdk\6.0.300\Extensions,C:\Program Files\dotnet\sdk\6.0.300
TpTrace Information: 0 : 22324, 1, 2022/05/18, 14:21:32.107, 3209467531660, vstest.console.dll, AssemblyResolver.AddSearchDirectories: Adding more searchDirectories C:\Program Files\dotnet\sdk\6.0.300\Extensions,C:\Program Files\dotnet\sdk\6.0.300
TpTrace Information: 0 : 22324, 1, 2022/05/18, 14:21:32.107, 3209467531992, vstest.console.dll, AssemblyResolver.AddSearchDirectories: Adding more searchDirectories C:\Program Files\dotnet\sdk\6.0.300\Extensions,C:\Program Files\dotnet\sdk\6.0.300
TpTrace Information: 0 : 22324, 1, 2022/05/18, 14:21:32.107, 3209467532268, vstest.console.dll, AssemblyResolver.AddSearchDirectories: Adding more searchDirectories C:\Program Files\dotnet\sdk\6.0.300\Extensions,C:\Program Files\dotnet\sdk\6.0.300
TpTrace Information: 0 : 22324, 1, 2022/05/18, 14:21:32.107, 3209467533721, vstest.console.dll, AssemblyResolver.AddSearchDirectories: Adding more searchDirectories C:\Program Files\dotnet\sdk\6.0.300\Extensions,C:\Program Files\dotnet\sdk\6.0.300
TpTrace Verbose: 0 : 22324, 1, 2022/05/18, 14:21:32.108, 3209467535342, vstest.console.dll, MetadataReaderExtensionsHelper: Discovering extensions inside assembly 'DumpMinitool, Version=15.0.0.0, Culture=neutral, PublicKeyToken=b03f5f7f11d50a3a' file path 'C:\Program Files\dotnet\sdk\6.0.300\Extensions\DumpMinitool.exe'
TpTrace Verbose: 0 : 22324, 1, 2022/05/18, 14:21:32.108, 3209467540635, vstest.console.dll, MetadataReaderExtensionsHelper: Discovering extensions inside assembly 'DumpMinitool.x86, Version=15.0.0.0, Culture=neutral, PublicKeyToken=b03f5f7f11d50a3a' file path 'C:\Program Files\dotnet\sdk\6.0.300\Extensions\DumpMinitool.x86.exe'
TpTrace Verbose: 0 : 22324, 1, 2022/05/18, 14:21:32.109, 3209467545979, vstest.console.dll, MetadataReaderExtensionsHelper: Discovering extensions inside assembly 'Microsoft.Diagnostics.NETCore.Client, Version=0.2.5.801, Culture=neutral, PublicKeyToken=31bf3856ad364e35' file path 'C:\Program Files\dotnet\sdk\6.0.300\Extensions\Microsoft.Diagnostics.NETCore.Client.dll'
TpTrace Information: 0 : 22324, 1, 2022/05/18, 14:21:32.109, 3209467551095, vstest.console.dll, AssemblyResolver.OnResolve: Microsoft.Bcl.AsyncInterfaces: Resolving assembly.
TpTrace Information: 0 : 22324, 1, 2022/05/18, 14:21:32.109, 3209467551518, vstest.console.dll, AssemblyResolver.OnResolve: Microsoft.Bcl.AsyncInterfaces: Resolved from cache.
TpTrace Verbose: 0 : 22324, 1, 2022/05/18, 14:21:32.109, 3209467551832, vstest.console.dll, CurrentDomainAssemblyResolve: Resolving assembly 'Microsoft.Bcl.AsyncInterfaces'.
TpTrace Information: 0 : 22324, 1, 2022/05/18, 14:21:32.109, 3209467552234, vstest.console.dll, AssemblyResolver.OnResolve: Microsoft.Bcl.AsyncInterfaces: Resolving assembly.
TpTrace Information: 0 : 22324, 1, 2022/05/18, 14:21:32.109, 3209467552516, vstest.console.dll, AssemblyResolver.OnResolve: Microsoft.Bcl.AsyncInterfaces: Resolved from cache.
TpTrace Verbose: 0 : 22324, 1, 2022/05/18, 14:21:32.109, 3209467552847, vstest.console.dll, CurrentDomainAssemblyResolve: Resolving assembly 'Microsoft.Bcl.AsyncInterfaces'.
TpTrace Verbose: 0 : 22324, 1, 2022/05/18, 14:21:32.109, 3209467553105, vstest.console.dll, CurrentDomainAssemblyResolve: Failed to resolve assembly 'Microsoft.Bcl.AsyncInterfaces'.
TpTrace Verbose: 0 : 22324, 1, 2022/05/18, 14:21:32.110, 3209467554483, vstest.console.dll, CurrentDomainAssemblyResolve: Failed to resolve assembly 'Microsoft.Bcl.AsyncInterfaces'.
TpTrace Warning: 0 : 22324, 1, 2022/05/18, 14:21:32.110, 3209467557679, vstest.console.dll, TestPluginDiscoverer: Failed to get types from assembly 'Microsoft.Diagnostics.NETCore.Client, Version=0.2.5.801, Culture=neutral, PublicKeyToken=31bf3856ad364e35'. Error: System.Reflection.ReflectionTypeLoadException: Unable to load one or more of the requested types.
Could not load file or assembly 'Microsoft.Bcl.AsyncInterfaces, Version=1.0.0.0, Culture=neutral, PublicKeyToken=cc7b13ffcd2ddd51'. The system cannot find the file specified.
   at System.Reflection.RuntimeModule.GetTypes(RuntimeModule module)
   at System.Reflection.Assembly.GetTypes()
   at Microsoft.VisualStudio.TestPlatform.Common.ExtensionFramework.TestPluginDiscoverer.GetTestExtensionsFromAssembly[TPluginInfo,TExtension](Assembly assembly, Dictionary`2 pluginInfos, String filePath)
System.IO.FileNotFoundException: Could not load file or assembly 'Microsoft.Bcl.AsyncInterfaces, Version=1.0.0.0, Culture=neutral, PublicKeyToken=cc7b13ffcd2ddd51'. The system cannot find the file specified.
File name: 'Microsoft.Bcl.AsyncInterfaces, Version=1.0.0.0, Culture=neutral, PublicKeyToken=cc7b13ffcd2ddd51'
 ---> System.IO.FileNotFoundException: Could not load file or assembly 'Microsoft.Bcl.AsyncInterfaces, Culture=neutral, PublicKeyToken=null'. The system cannot find the file specified.
File name: 'Microsoft.Bcl.AsyncInterfaces, Culture=neutral, PublicKeyToken=null'
   at System.Reflection.RuntimeAssembly.InternalLoad(ObjectHandleOnStack assemblyName, ObjectHandleOnStack requestingAssembly, StackCrawlMarkHandle stackMark, Boolean throwOnFileNotFound, ObjectHandleOnStack assemblyLoadContext, ObjectHandleOnStack retAssembly)
   at System.Reflection.RuntimeAssembly.InternalLoad(AssemblyName assemblyName, RuntimeAssembly requestingAssembly, StackCrawlMark& stackMark, Boolean throwOnFileNotFound, AssemblyLoadContext assemblyLoadContext)
   at System.Reflection.Assembly.Load(AssemblyName assemblyRef)
   at Microsoft.VisualStudio.TestPlatform.Common.ExtensionFramework.TestPluginCache.CurrentDomainAssemblyResolve(Object sender, AssemblyResolveEventArgs args)
   at Microsoft.VisualStudio.TestPlatform.PlatformAbstractions.PlatformAssemblyResolver.AssemblyResolverEvent(Object sender, Object eventArgs)
   at System.Runtime.Loader.AssemblyLoadContext.GetFirstResolvedAssemblyFromResolvingEvent(AssemblyName assemblyName)
   at System.Runtime.Loader.AssemblyLoadContext.ResolveUsingEvent(AssemblyName assemblyName)
   at System.Runtime.Loader.AssemblyLoadContext.ResolveUsingResolvingEvent(IntPtr gchManagedAssemblyLoadContext, AssemblyName assemblyName)
TpTrace Warning: 0 : 22324, 1, 2022/05/18, 14:21:32.110, 3209467559329, vstest.console.dll, LoaderExceptions: System.IO.FileNotFoundException: Could not load file or assembly 'Microsoft.Bcl.AsyncInterfaces, Version=1.0.0.0, Culture=neutral, PublicKeyToken=cc7b13ffcd2ddd51'. The system cannot find the file specified.
File name: 'Microsoft.Bcl.AsyncInterfaces, Version=1.0.0.0, Culture=neutral, PublicKeyToken=cc7b13ffcd2ddd51'
 ---> System.IO.FileNotFoundException: Could not load file or assembly 'Microsoft.Bcl.AsyncInterfaces, Culture=neutral, PublicKeyToken=null'. The system cannot find the file specified.
File name: 'Microsoft.Bcl.AsyncInterfaces, Culture=neutral, PublicKeyToken=null'
   at System.Reflection.RuntimeAssembly.InternalLoad(ObjectHandleOnStack assemblyName, ObjectHandleOnStack requestingAssembly, StackCrawlMarkHandle stackMark, Boolean throwOnFileNotFound, ObjectHandleOnStack assemblyLoadContext, ObjectHandleOnStack retAssembly)
   at System.Reflection.RuntimeAssembly.InternalLoad(AssemblyName assemblyName, RuntimeAssembly requestingAssembly, StackCrawlMark& stackMark, Boolean throwOnFileNotFound, AssemblyLoadContext assemblyLoadContext)
   at System.Reflection.Assembly.Load(AssemblyName assemblyRef)
   at Microsoft.VisualStudio.TestPlatform.Common.ExtensionFramework.TestPluginCache.CurrentDomainAssemblyResolve(Object sender, AssemblyResolveEventArgs args)
   at Microsoft.VisualStudio.TestPlatform.PlatformAbstractions.PlatformAssemblyResolver.AssemblyResolverEvent(Object sender, Object eventArgs)
   at System.Runtime.Loader.AssemblyLoadContext.GetFirstResolvedAssemblyFromResolvingEvent(AssemblyName assemblyName)
   at System.Runtime.Loader.AssemblyLoadContext.ResolveUsingEvent(AssemblyName assemblyName)
   at System.Runtime.Loader.AssemblyLoadContext.ResolveUsingResolvingEvent(IntPtr gchManagedAssemblyLoadContext, AssemblyName assemblyName)
TpTrace Verbose: 0 : 22324, 1, 2022/05/18, 14:21:32.110, 3209467560033, vstest.console.dll, MetadataReaderExtensionsHelper: Discovering extensions inside assembly 'Microsoft.TestPlatform.Extensions.BlameDataCollector, Version=15.0.0.0, Culture=neutral, PublicKeyToken=b03f5f7f11d50a3a' file path 'C:\Program Files\dotnet\sdk\6.0.300\Extensions\Microsoft.TestPlatform.Extensions.BlameDataCollector.dll'
TpTrace Information: 0 : 22324, 1, 2022/05/18, 14:21:32.111, 3209467564328, vstest.console.dll, GetTestExtensionFromType: Register extension with identifier data 'logger://Microsoft/TestPlatform/Extensions/Blame/v1' and type 'Microsoft.TestPlatform.Extensions.BlameDataCollector.BlameLogger, Microsoft.TestPlatform.Extensions.BlameDataCollector, Version=15.0.0.0, Culture=neutral, PublicKeyToken=b03f5f7f11d50a3a' inside file 'C:\Program Files\dotnet\sdk\6.0.300\Extensions\Microsoft.TestPlatform.Extensions.BlameDataCollector.dll'
TpTrace Verbose: 0 : 22324, 1, 2022/05/18, 14:21:32.111, 3209467564895, vstest.console.dll, MetadataReaderExtensionsHelper: Discovering extensions inside assembly 'Microsoft.TestPlatform.Extensions.EventLogCollector, Version=15.0.0.0, Culture=neutral, PublicKeyToken=b03f5f7f11d50a3a' file path 'C:\Program Files\dotnet\sdk\6.0.300\Extensions\Microsoft.TestPlatform.Extensions.EventLogCollector.dll'
TpTrace Verbose: 0 : 22324, 1, 2022/05/18, 14:21:32.111, 3209467568577, vstest.console.dll, MetadataReaderExtensionsHelper: Discovering extensions inside assembly 'Microsoft.TestPlatform.TestHostRuntimeProvider, Version=15.0.0.0, Culture=neutral, PublicKeyToken=b03f5f7f11d50a3a' file path 'C:\Program Files\dotnet\sdk\6.0.300\Extensions\Microsoft.TestPlatform.TestHostRuntimeProvider.dll'
TpTrace Verbose: 0 : 22324, 1, 2022/05/18, 14:21:32.111, 3209467572086, vstest.console.dll, MetadataReaderExtensionsHelper: Discovering extensions inside assembly 'Microsoft.VisualStudio.TestPlatform.Extensions.Html.TestLogger, Version=15.0.0.0, Culture=neutral, PublicKeyToken=b03f5f7f11d50a3a' file path 'C:\Program Files\dotnet\sdk\6.0.300\Extensions\Microsoft.VisualStudio.TestPlatform.Extensions.Html.TestLogger.dll'
TpTrace Information: 0 : 22324, 1, 2022/05/18, 14:21:32.112, 3209467575264, vstest.console.dll, GetTestExtensionFromType: Register extension with identifier data 'logger://Microsoft/TestPlatform/HtmlLogger/v1' and type 'Microsoft.VisualStudio.TestPlatform.Extensions.HtmlLogger.HtmlLogger, Microsoft.VisualStudio.TestPlatform.Extensions.Html.TestLogger, Version=15.0.0.0, Culture=neutral, PublicKeyToken=b03f5f7f11d50a3a' inside file 'C:\Program Files\dotnet\sdk\6.0.300\Extensions\Microsoft.VisualStudio.TestPlatform.Extensions.Html.TestLogger.dll'
TpTrace Verbose: 0 : 22324, 1, 2022/05/18, 14:21:32.112, 3209467575854, vstest.console.dll, MetadataReaderExtensionsHelper: Discovering extensions inside assembly 'Microsoft.VisualStudio.TestPlatform.Extensions.Trx.TestLogger, Version=15.0.0.0, Culture=neutral, PublicKeyToken=b03f5f7f11d50a3a' file path 'C:\Program Files\dotnet\sdk\6.0.300\Extensions\Microsoft.VisualStudio.TestPlatform.Extensions.Trx.TestLogger.dll'
TpTrace Information: 0 : 22324, 1, 2022/05/18, 14:21:32.112, 3209467579384, vstest.console.dll, GetTestExtensionFromType: Register extension with identifier data 'logger://Microsoft/TestPlatform/TrxLogger/v1' and type 'Microsoft.VisualStudio.TestPlatform.Extensions.TrxLogger.TrxLogger, Microsoft.VisualStudio.TestPlatform.Extensions.Trx.TestLogger, Version=15.0.0.0, Culture=neutral, PublicKeyToken=b03f5f7f11d50a3a' inside file 'C:\Program Files\dotnet\sdk\6.0.300\Extensions\Microsoft.VisualStudio.TestPlatform.Extensions.Trx.TestLogger.dll'
TpTrace Verbose: 0 : 22324, 1, 2022/05/18, 14:21:32.112, 3209467579967, vstest.console.dll, TestPluginCache: Discovered the extensions using extension path ''.
TpTrace Verbose: 0 : 22324, 1, 2022/05/18, 14:21:32.112, 3209467580244, vstest.console.dll, TestPluginCache: Discoverers are ''.
TpTrace Verbose: 0 : 22324, 1, 2022/05/18, 14:21:32.112, 3209467580476, vstest.console.dll, TestPluginCache: Executors are ''.
TpTrace Verbose: 0 : 22324, 1, 2022/05/18, 14:21:32.112, 3209467580698, vstest.console.dll, TestPluginCache: Executors2 are ''.
TpTrace Verbose: 0 : 22324, 1, 2022/05/18, 14:21:32.112, 3209467580916, vstest.console.dll, TestPluginCache: Setting providers are ''.
TpTrace Verbose: 0 : 22324, 1, 2022/05/18, 14:21:32.112, 3209467581515, vstest.console.dll, TestPluginCache: Loggers are 'logger://Microsoft/TestPlatform/Extensions/Blame/v1,logger://Microsoft/TestPlatform/HtmlLogger/v1,logger://Microsoft/TestPlatform/TrxLogger/v1'.
TpTrace Verbose: 0 : 22324, 1, 2022/05/18, 14:21:32.112, 3209467582015, vstest.console.dll, TestPluginCache: TestHosts are 'HostProvider://DefaultTestHost,HostProvider://DotnetTestHost'.
TpTrace Verbose: 0 : 22324, 1, 2022/05/18, 14:21:32.112, 3209467582297, vstest.console.dll, TestPluginCache: DataCollectors are ''.
TpTrace Information: 0 : 22324, 1, 2022/05/18, 14:21:32.113, 3209467588147, vstest.console.dll, TestPluginManager.CreateTestExtension: Attempting to load test extension: Microsoft.TestPlatform.Extensions.BlameDataCollector.BlameLogger
TpTrace Information: 0 : 22324, 1, 2022/05/18, 14:21:32.117, 3209467629206, vstest.console.dll, TestPluginManager.CreateTestExtension: Attempting to load test extension: Microsoft.VisualStudio.TestPlatform.CrossPlatEngine.Hosting.DefaultTestHostManager
TpTrace Information: 0 : 22324, 1, 2022/05/18, 14:21:32.118, 3209467638461, vstest.console.dll, TestPluginManager.CreateTestExtension: Attempting to load test extension: Microsoft.VisualStudio.TestPlatform.CrossPlatEngine.Hosting.DotnetTestHostManager
TpTrace Verbose: 0 : 22324, 1, 2022/05/18, 14:21:32.118, 3209467643572, vstest.console.dll, TestEngine: Initializing Parallel Execution as MaxCpuCount is set to: 1
TpTrace Information: 0 : 22324, 1, 2022/05/18, 14:21:32.119, 3209467648534, vstest.console.dll, InferRunSettingsHelper.IsTestSettingsEnabled: Unable to navigate to RunSettings/MSTest. Current node: RunSettings
TpTrace Verbose: 0 : 22324, 1, 2022/05/18, 14:21:32.120, 3209467657173, vstest.console.dll, TestRequestSender is acting as server.
TpTrace Verbose: 0 : 22324, 1, 2022/05/18, 14:21:32.121, 3209467666395, vstest.console.dll, TestEngine.GetExecutionManager: Chosen execution manager 'Microsoft.VisualStudio.TestPlatform.CrossPlatEngine.Client.Parallel.ParallelProxyExecutionManager, Microsoft.TestPlatform.CrossPlatEngine, Version=15.0.0.0, Culture=neutral, PublicKeyToken=b03f5f7f11d50a3a' ParallelLevel '1' Shared host 'False'
TpTrace Verbose: 0 : 22324, 5, 2022/05/18, 14:21:32.123, 3209467689061, vstest.console.dll, DataCollectionRequestSender.InitializeCommunication : Initialize communication. 
TpTrace Information: 0 : 22324, 5, 2022/05/18, 14:21:32.127, 3209467732676, vstest.console.dll, Listening on Endpoint : 127.0.0.1:51002
TpTrace Verbose: 0 : 22324, 5, 2022/05/18, 14:21:32.133, 3209467790754, vstest.console.dll, DotnetDataCollectionLauncher: Full path of dotnet.exe is C:\Program Files\dotnet\dotnet.exe
TpTrace Verbose: 0 : 22324, 5, 2022/05/18, 14:21:32.133, 3209467792331, vstest.console.dll, DotnetDataCollectionLauncher: Adding  --runtimeconfig "C:\Program Files\dotnet\sdk\6.0.300\datacollector.runtimeconfig.json" in args
TpTrace Verbose: 0 : 22324, 5, 2022/05/18, 14:21:32.133, 3209467793173, vstest.console.dll, DotnetDataCollectionLauncher: Adding  --depsfile "C:\Program Files\dotnet\sdk\6.0.300\datacollector.deps.json" in args
TpTrace Information: 0 : 22324, 5, 2022/05/18, 14:21:32.140, 3209467863929, vstest.console.dll, ProxyDataCollectionManager.Initialize: Launched datacollector processId: 19752 port: 51002
TpTrace Information: 0 : 22324, 5, 2022/05/18, 14:21:32.141, 3209467865633, vstest.console.dll, ProxyDataCollectionManager.Initialize: waiting for connection with timeout: 90 seconds
TpTrace Verbose: 0 : 22324, 5, 2022/05/18, 14:21:32.141, 3209467866317, vstest.console.dll, DataCollectionRequestSender.WaitForRequestHandlerConnection : Waiting for connection with timeout: 90000
TpTrace Information: 0 : 22324, 8, 2022/05/18, 14:21:32.260, 3209469059018, vstest.console.dll, Using the buffer size of 16384 bytes
TpTrace Verbose: 0 : 22324, 5, 2022/05/18, 14:21:32.260, 3209469059322, vstest.console.dll, SocketCommunicationManager.WaitForClientConnection took: 119 ms, with 90000 ms timeout, and finished with True.
TpTrace Information: 0 : 22324, 8, 2022/05/18, 14:21:32.260, 3209469060095, vstest.console.dll, Accepted Client request and set the flag
TpTrace Verbose: 0 : 22324, 5, 2022/05/18, 14:21:32.260, 3209469061345, vstest.console.dll, ProxyDataCollectionManager.InvokeDataCollectionServiceAction: Starting.
TpTrace Information: 0 : 22324, 5, 2022/05/18, 14:21:32.260, 3209469062254, vstest.console.dll, ProxyDataCollectionManager.BeforeTestRunStart: Get environment variable and port for datacollector processId: 19752 port: 51002
TpTrace Verbose: 0 : 22324, 5, 2022/05/18, 14:21:32.260, 3209469063319, vstest.console.dll, DataCollectionRequestSender.SendBeforeTestRunStartAndGetResult: Send BeforeTestRunStart message with settingsXml <RunSettings><RunConfiguration><ResultsDirectory>C:\Users\Cvetomir\Desktop\QA Automation\Selenium-Basics\Selenium-Basics\bin\Debug\net5.0\fine-code-coverage\coverage-tool-output</ResultsDirectory><TargetPlatform>X64</TargetPlatform><TargetFrameworkVersion>.NETCoreApp,Version=v5.0</TargetFrameworkVersion><DesignMode>False</DesignMode><CollectSourceInformation>False</CollectSourceInformation><TestAdaptersPaths>C:\Program Files\dotnet\sdk\6.0.300\Extensions</TestAdaptersPaths></RunConfiguration><LoggerRunSettings><Loggers><Logger friendlyName="blame" enabled="True" /><Logger friendlyName="Console" uri="logger://microsoft/TestPlatform/ConsoleLogger/v1" assemblyQualifiedName="Microsoft.VisualStudio.TestPlatform.CommandLine.Internal.ConsoleLogger, vstest.console, Version=15.0.0.0, Culture=neutral, PublicKeyToken=b03f5f7f11d50a3a" codeBase="C:\Program Files\dotnet\sdk\6.0.300\vstest.console.dll" enabled="True" /></Loggers></LoggerRunSettings><DataCollectionRunSettings><DataCollectors><DataCollector friendlyName="blame" enabled="True"><Configuration><ResultsDirectory>C:\Users\Cvetomir\Desktop\QA Automation\Selenium-Basics\Selenium-Basics\bin\Debug\net5.0\fine-code-coverage\coverage-tool-output</ResultsDirectory></Configuration></DataCollector></DataCollectors></DataCollectionRunSettings></RunSettings> and sources System.Linq.Enumerable+Concat2Iterator`1[System.String]: 
TpTrace Verbose: 0 : 22324, 5, 2022/05/18, 14:21:32.331, 3209469764822, vstest.console.dll, DataCollectionRequestSender.SendBeforeTestRunStartAndGetResult: Received message: (DataCollection.SendMessage) -> {
  "FriendlyName": null,
  "Uri": null,
  "TestCaseId": "00000000-0000-0000-0000-000000000000",
  "Message": "Logging DataCollector Diagnostics in file: C:\\Users\\Cvetomir\\Desktop\\QA Automation\\Selenium-Basics\\Selenium-Basics\\bin\\Debug\\net5.0\\fine-code-coverage\\coverage-tool-output\\diagnostics.datacollector.22-05-18_14-21-32_13344_5.log",
  "Level": 0
}
TpTrace Verbose: 0 : 22324, 5, 2022/05/18, 14:21:32.418, 3209470641692, vstest.console.dll, DataCollectionRequestSender.SendBeforeTestRunStartAndGetResult: Received message: (DataCollection.BeforeTestRunStartResult) -> {
  "EnvironmentVariables": {},
  "DataCollectionEventsPort": 51005
}
TpTrace Information: 0 : 22324, 5, 2022/05/18, 14:21:32.425, 3209470706208, vstest.console.dll, ProxyDataCollectionManager.BeforeTestRunStart: SendBeforeTestRunStartAndGetResult successful, env variable from datacollector:   and testhost port: 51005
TpTrace Information: 0 : 22324, 5, 2022/05/18, 14:21:32.425, 3209470707410, vstest.console.dll, ProxyDataCollectionManager.InvokeDataCollectionServiceAction: Completed.
TpTrace Verbose: 0 : 22324, 1, 2022/05/18, 14:21:32.425, 3209470708677, vstest.console.dll, TestRunRequest.ExecuteAsync: Creating test run request.
TpTrace Verbose: 0 : 22324, 1, 2022/05/18, 14:21:32.425, 3209470711477, vstest.console.dll, TestRunRequest.ExecuteAsync: Starting.
TpTrace Information: 0 : 22324, 1, 2022/05/18, 14:21:32.426, 3209470715001, vstest.console.dll, TestRunRequest.ExecuteAsync: Starting run with settings:TestRunCriteria:
   KeepAlive=False,FrequencyOfRunStatsChangeEvent=10,RunStatsChangeEventTimeout=00:00:01.5000000,TestCaseFilter=,TestExecutorLauncher=
   Settingsxml=<RunSettings>
  <RunConfiguration>
    <ResultsDirectory>C:\Users\Cvetomir\Desktop\QA Automation\Selenium-Basics\Selenium-Basics\bin\Debug\net5.0\fine-code-coverage\coverage-tool-output</ResultsDirectory>
    <TargetPlatform>X64</TargetPlatform>
    <TargetFrameworkVersion>.NETCoreApp,Version=v5.0</TargetFrameworkVersion>
    <DesignMode>False</DesignMode>
    <CollectSourceInformation>False</CollectSourceInformation>
  </RunConfiguration>
  <LoggerRunSettings>
    <Loggers>
      <Logger friendlyName="blame" enabled="True" />
      <Logger friendlyName="Console" uri="logger://microsoft/TestPlatform/ConsoleLogger/v1" assemblyQualifiedName="Microsoft.VisualStudio.TestPlatform.CommandLine.Internal.ConsoleLogger, vstest.console, Version=15.0.0.0, Culture=neutral, PublicKeyToken=b03f5f7f11d50a3a" codeBase="C:\Program Files\dotnet\sdk\6.0.300\vstest.console.dll" enabled="True" />
    </Loggers>
  </LoggerRunSettings>
  <DataCollectionRunSettings>
    <DataCollectors>
      <DataCollector friendlyName="blame" enabled="True">
        <Configuration>
          <ResultsDirectory>C:\Users\Cvetomir\Desktop\QA Automation\Selenium-Basics\Selenium-Basics\bin\Debug\net5.0\fine-code-coverage\coverage-tool-output</ResultsDirectory>
        </Configuration>
      </DataCollector>
    </DataCollectors>
  </DataCollectionRunSettings>
</RunSettings>

TpTrace Verbose: 0 : 22324, 1, 2022/05/18, 14:21:32.426, 3209470715490, vstest.console.dll, TestRunRequest.ExecuteAsync: Wait for the first run request is over.
TpTrace Verbose: 0 : 22324, 1, 2022/05/18, 14:21:32.426, 3209470718191, vstest.console.dll, MulticastDelegateUtilities.SafeInvoke: TestRun.TestRunStart: Invoking callbacks was skipped because there are no subscribers.
TpTrace Verbose: 0 : 22324, 1, 2022/05/18, 14:21:32.426, 3209470720247, vstest.console.dll, ParallelProxyExecutionManager: Start execution. Total sources: 1
TpTrace Verbose: 0 : 22324, 4, 2022/05/18, 14:21:32.426, 3209470722483, vstest.console.dll, MulticastDelegateUtilities.SafeInvoke: InternalTestLoggerEvents.SendTestRunStart: Invoking callback 1/1 for Microsoft.VisualStudio.TestPlatform.CommandLine.Internal.ConsoleLogger.TestRunStartHandler, took 0 ms.
TpTrace Information: 0 : 22324, 1, 2022/05/18, 14:21:32.427, 3209470728963, vstest.console.dll, ProxyParallelExecutionManager: Triggering test run for next source: C:\Users\Cvetomir\Desktop\QA Automation\Selenium-Basics\Selenium-Basics\bin\Debug\net5.0\fine-code-coverage\build-output\Selenium-Basics.dll
TpTrace Verbose: 0 : 22324, 5, 2022/05/18, 14:21:32.427, 3209470730870, vstest.console.dll, ParallelProxyExecutionManager: Execution started. Started clients: 1
TpTrace Verbose: 0 : 22324, 1, 2022/05/18, 14:21:32.427, 3209470731467, vstest.console.dll, ProxyParallelExecutionManager: No sources available for execution.
TpTrace Information: 0 : 22324, 1, 2022/05/18, 14:21:32.427, 3209470732229, vstest.console.dll, TestRunRequest.ExecuteAsync: Started.
TpTrace Verbose: 0 : 22324, 1, 2022/05/18, 14:21:32.427, 3209470733111, vstest.console.dll, TestRunRequest.WaitForCompletion: Waiting with timeout -1.
TpTrace Verbose: 0 : 22324, 5, 2022/05/18, 14:21:32.428, 3209470735513, vstest.console.dll, TestRunRequest:SendTestRunMessage: Starting.
TpTrace Verbose: 0 : 22324, 5, 2022/05/18, 14:21:32.428, 3209470737306, vstest.console.dll, MulticastDelegateUtilities.SafeInvoke: TestRun.LogMessages: Invoking callback 1/1 for Microsoft.VisualStudio.TestPlatform.CommandLine.TestRunResultAggregator.TestRunMessageHandler, took 0 ms.
TpTrace Verbose: 0 : 22324, 4, 2022/05/18, 14:21:32.428, 3209470737442, vstest.console.dll, MulticastDelegateUtilities.SafeInvoke: InternalTestLoggerEvents.SendTestRunMessage: Invoking callback 1/1 for Microsoft.VisualStudio.TestPlatform.CommandLine.Internal.ConsoleLogger.TestMessageHandler, took 0 ms.
TpTrace Information: 0 : 22324, 5, 2022/05/18, 14:21:32.428, 3209470737712, vstest.console.dll, TestRunRequest:SendTestRunMessage: Completed.
TpTrace Verbose: 0 : 22324, 5, 2022/05/18, 14:21:32.428, 3209470740320, vstest.console.dll, ProxyExecutionManager: Test host is always Lazy initialize.
TpTrace Verbose: 0 : 22324, 5, 2022/05/18, 14:21:32.428, 3209470742957, vstest.console.dll, TestRequestSender.InitializeCommunication: initialize communication. 
TpTrace Information: 0 : 22324, 5, 2022/05/18, 14:21:32.429, 3209470748909, vstest.console.dll, SocketServer.Start: Listening on endpoint : 127.0.0.1:51006
TpTrace Verbose: 0 : 22324, 5, 2022/05/18, 14:21:32.430, 3209470756462, vstest.console.dll, DotnetTestHostmanager.GetTestHostProcessStartInfo: Platform environment 'X64' target architecture 'X64' framework '.NETCoreApp,Version=v5.0' OS 'Windows'
TpTrace Verbose: 0 : 22324, 5, 2022/05/18, 14:21:32.430, 3209470758839, vstest.console.dll, DotnetTestHostmanager: Adding  --runtimeconfig "C:\Users\Cvetomir\Desktop\QA Automation\Selenium-Basics\Selenium-Basics\bin\Debug\net5.0\fine-code-coverage\build-output\Selenium-Basics.runtimeconfig.json" in args
TpTrace Verbose: 0 : 22324, 5, 2022/05/18, 14:21:32.430, 3209470759894, vstest.console.dll, DotnetTestHostmanager: Adding  --depsfile "C:\Users\Cvetomir\Desktop\QA Automation\Selenium-Basics\Selenium-Basics\bin\Debug\net5.0\fine-code-coverage\build-output\Selenium-Basics.deps.json" in args
TpTrace Verbose: 0 : 22324, 5, 2022/05/18, 14:21:32.430, 3209470761652, vstest.console.dll, DotnetTestHostmanager.IsWinOnArm: Current PROCESSOR_ARCHITECTURE from environment variable 'AMD64'
TpTrace Verbose: 0 : 22324, 5, 2022/05/18, 14:21:32.430, 3209470762196, vstest.console.dll, DotnetTestHostmanager.IsWinOnArm: Is Windows on ARM 'False'
TpTrace Verbose: 0 : 22324, 5, 2022/05/18, 14:21:32.430, 3209470763235, vstest.console.dll, DotnetTestHostManager: testhost.exe found at path: C:\Users\Cvetomir\Desktop\QA Automation\Selenium-Basics\Selenium-Basics\bin\Debug\net5.0\fine-code-coverage\build-output\testhost.exe
TpTrace Verbose: 0 : 22324, 5, 2022/05/18, 14:21:32.430, 3209470763832, vstest.console.dll, DotnetTestHostmanager: Full path of host exe is C:\Users\Cvetomir\Desktop\QA Automation\Selenium-Basics\Selenium-Basics\bin\Debug\net5.0\fine-code-coverage\build-output\testhost.exe
TpTrace Verbose: 0 : 22324, 5, 2022/05/18, 14:21:32.431, 3209470766123, vstest.console.dll, DotnetTestHostmanager.LaunchTestHostAsync: Found 'VSTEST_WINAPPHOST_DOTNET_ROOT' in env variables, value 'C:\Program Files\dotnet', forwarding to 'DOTNET_ROOT'
TpTrace Verbose: 0 : 22324, 7, 2022/05/18, 14:21:32.432, 3209470774234, vstest.console.dll, DotnetTestHostManager: Starting process 'C:\Users\Cvetomir\Desktop\QA Automation\Selenium-Basics\Selenium-Basics\bin\Debug\net5.0\fine-code-coverage\build-output\testhost.exe' with command line ' --runtimeconfig "C:\Users\Cvetomir\Desktop\QA Automation\Selenium-Basics\Selenium-Basics\bin\Debug\net5.0\fine-code-coverage\build-output\Selenium-Basics.runtimeconfig.json" --depsfile "C:\Users\Cvetomir\Desktop\QA Automation\Selenium-Basics\Selenium-Basics\bin\Debug\net5.0\fine-code-coverage\build-output\Selenium-Basics.deps.json" --port 51006 --endpoint 127.0.0.1:051006 --role client --parentprocessid 22324 --diag "C:\Users\Cvetomir\Desktop\QA Automation\Selenium-Basics\Selenium-Basics\bin\Debug\net5.0\fine-code-coverage\coverage-tool-output\diagnostics.host.22-05-18_14-21-32_42989_5.log" --tracelevel 4 --datacollectionport 51005 --telemetryoptedin false'
TpTrace Verbose: 0 : 22324, 7, 2022/05/18, 14:21:32.439, 3209470852680, vstest.console.dll, MulticastDelegateUtilities.SafeInvoke: HostProviderEvents.OnHostLaunched: Invoking callback 1/2 for Microsoft.VisualStudio.TestPlatform.CrossPlatEngine.Client.ProxyExecutionManagerWithDataCollection.TestHostLaunchedHandler, took 1 ms.
TpTrace Verbose: 0 : 22324, 7, 2022/05/18, 14:21:32.440, 3209470854175, vstest.console.dll, Test Runtime launched
TpTrace Verbose: 0 : 22324, 7, 2022/05/18, 14:21:32.440, 3209470854747, vstest.console.dll, MulticastDelegateUtilities.SafeInvoke: HostProviderEvents.OnHostLaunched: Invoking callback 2/2 for Microsoft.VisualStudio.TestPlatform.CrossPlatEngine.Client.ProxyOperationManager.TestHostManagerHostLaunched, took 0 ms.
TpTrace Verbose: 0 : 22324, 5, 2022/05/18, 14:21:32.440, 3209470860725, vstest.console.dll, TestRequestSender.WaitForRequestHandlerConnection: waiting for connection with timeout: 90000.
TpTrace Verbose: 0 : 22324, 5, 2022/05/18, 14:21:32.686, 3209473318092, vstest.console.dll, TestRequestSender.WaitForRequestHandlerConnection: waiting took 245 ms, with timeout 90000 ms, and result 0, which is success.
TpTrace Verbose: 0 : 22324, 7, 2022/05/18, 14:21:32.686, 3209473318094, vstest.console.dll, MulticastDelegateUtilities.SafeInvoke: SocketServer: ClientConnected: Invoking callback 1/1 for Microsoft.VisualStudio.TestPlatform.CommunicationUtilities.TestRequestSender.<InitializeCommunication>b__23_0, took 0 ms.
TpTrace Verbose: 0 : 22324, 7, 2022/05/18, 14:21:32.686, 3209473319560, vstest.console.dll, SocketServer.OnClientConnected: Client connected for endPoint: 127.0.0.1:51006, starting MessageLoopAsync:
TpTrace Verbose: 0 : 22324, 14, 2022/05/18, 14:21:32.686, 3209473321782, vstest.console.dll, TcpClientExtensions.MessageLoopAsync: Polling on remoteEndPoint: 127.0.0.1:51007 localEndPoint: 127.0.0.1:51006
TpTrace Verbose: 0 : 22324, 5, 2022/05/18, 14:21:32.687, 3209473326871, vstest.console.dll, TestRequestSender.CheckVersionWithTestHost: Sending check version message: {"MessageType":"ProtocolVersion","Payload":6}
TpTrace Verbose: 0 : 22324, 14, 2022/05/18, 14:21:32.821, 3209474668273, vstest.console.dll, TcpClientExtensions.MessageLoopAsync: NotifyDataAvailable remoteEndPoint: 127.0.0.1:51007 localEndPoint: 127.0.0.1:51006
TpTrace Verbose: 0 : 22324, 14, 2022/05/18, 14:21:32.821, 3209474671173, vstest.console.dll, TestRequestSender.CheckVersionWithTestHost: onMessageReceived received message: (ProtocolVersion) -> 5
TpTrace Verbose: 0 : 22324, 14, 2022/05/18, 14:21:32.822, 3209474674803, vstest.console.dll, MulticastDelegateUtilities.SafeInvoke: LengthPrefixCommunicationChannel: MessageReceived: Invoking callback 1/1 for Microsoft.VisualStudio.TestPlatform.CommunicationUtilities.TestRequestSender+<>c__DisplayClass25_0.<CheckVersionWithTestHost>b__0, took 0 ms.
TpTrace Verbose: 0 : 22324, 14, 2022/05/18, 14:21:32.822, 3209474675664, vstest.console.dll, TcpClientExtensions.MessageLoopAsync: Polling on remoteEndPoint: 127.0.0.1:51007 localEndPoint: 127.0.0.1:51006
TpTrace Verbose: 0 : 22324, 5, 2022/05/18, 14:21:32.822, 3209474675880, vstest.console.dll, TestPluginCache.GetExtensionPaths: Filtered extension paths: 
TpTrace Verbose: 0 : 22324, 5, 2022/05/18, 14:21:32.822, 3209474677041, vstest.console.dll, TestPluginCache.GetExtensionPaths: Added default extension paths: C:\Program Files\dotnet\sdk\6.0.300\Extensions\DumpMinitool.exe
C:\Program Files\dotnet\sdk\6.0.300\Extensions\DumpMinitool.x86.exe
C:\Program Files\dotnet\sdk\6.0.300\Extensions\Microsoft.Diagnostics.NETCore.Client.dll
C:\Program Files\dotnet\sdk\6.0.300\Extensions\Microsoft.TestPlatform.Extensions.BlameDataCollector.dll
C:\Program Files\dotnet\sdk\6.0.300\Extensions\Microsoft.TestPlatform.Extensions.EventLogCollector.dll
C:\Program Files\dotnet\sdk\6.0.300\Extensions\Microsoft.TestPlatform.TestHostRuntimeProvider.dll
C:\Program Files\dotnet\sdk\6.0.300\Extensions\Microsoft.VisualStudio.TestPlatform.Extensions.Html.TestLogger.dll
C:\Program Files\dotnet\sdk\6.0.300\Extensions\Microsoft.VisualStudio.TestPlatform.Extensions.Trx.TestLogger.dll
TpTrace Verbose: 0 : 22324, 5, 2022/05/18, 14:21:32.822, 3209474677384, vstest.console.dll, TestPluginCache.GetExtensionPaths: Added unfilterableExtensionPaths: 
TpTrace Verbose: 0 : 22324, 5, 2022/05/18, 14:21:32.825, 3209474709766, vstest.console.dll, TestRequestSender.InitializeExecution: Sending initialize execution with message: {"Version":5,"MessageType":"TestExecution.Initialize","Payload":["C:\\Users\\Cvetomir\\Desktop\\QA Automation\\Selenium-Basics\\Selenium-Basics\\bin\\Debug\\net5.0\\fine-code-coverage\\build-output\\NUnit3.TestAdapter.dll"]}
TpTrace Warning: 0 : 22324, 5, 2022/05/18, 14:21:32.825, 3209474713443, vstest.console.dll, InferRunSettingsHelper.MakeRunsettingsCompatible: Removing the following settings: TargetPlatform from RunSettings file. To use those settings please move to latest version of Microsoft.NET.Test.Sdk
TpTrace Verbose: 0 : 22324, 14, 2022/05/18, 14:21:32.831, 3209474764253, vstest.console.dll, TcpClientExtensions.MessageLoopAsync: NotifyDataAvailable remoteEndPoint: 127.0.0.1:51007 localEndPoint: 127.0.0.1:51006
TpTrace Verbose: 0 : 22324, 14, 2022/05/18, 14:21:32.831, 3209474765636, vstest.console.dll, TestRequestSender.OnExecutionMessageReceived: Received message: {"Version":5,"MessageType":"TestSession.Message","Payload":{"MessageLevel":0,"Message":"Logging TestHost Diagnostics in file: C:\\Users\\Cvetomir\\Desktop\\QA Automation\\Selenium-Basics\\Selenium-Basics\\bin\\Debug\\net5.0\\fine-code-coverage\\coverage-tool-output\\diagnostics.host.22-05-18_14-21-32_42989_5.log"}}
TpTrace Verbose: 0 : 22324, 14, 2022/05/18, 14:21:32.833, 3209474784225, vstest.console.dll, TestRunRequest:SendTestRunMessage: Starting.
TpTrace Verbose: 0 : 22324, 14, 2022/05/18, 14:21:32.833, 3209474785251, vstest.console.dll, MulticastDelegateUtilities.SafeInvoke: TestRun.LogMessages: Invoking callback 1/1 for Microsoft.VisualStudio.TestPlatform.CommandLine.TestRunResultAggregator.TestRunMessageHandler, took 0 ms.
TpTrace Verbose: 0 : 22324, 4, 2022/05/18, 14:21:32.833, 3209474785362, vstest.console.dll, MulticastDelegateUtilities.SafeInvoke: InternalTestLoggerEvents.SendTestRunMessage: Invoking callback 1/1 for Microsoft.VisualStudio.TestPlatform.CommandLine.Internal.ConsoleLogger.TestMessageHandler, took 0 ms.
TpTrace Information: 0 : 22324, 14, 2022/05/18, 14:21:32.833, 3209474785988, vstest.console.dll, TestRunRequest:SendTestRunMessage: Completed.
TpTrace Verbose: 0 : 22324, 14, 2022/05/18, 14:21:32.833, 3209474786418, vstest.console.dll, MulticastDelegateUtilities.SafeInvoke: LengthPrefixCommunicationChannel: MessageReceived: Invoking callback 1/1 for Microsoft.VisualStudio.TestPlatform.CommunicationUtilities.TestRequestSender+<>c__DisplayClass30_0.<StartTestRun>b__1, took 2 ms.
TpTrace Verbose: 0 : 22324, 14, 2022/05/18, 14:21:32.833, 3209474786838, vstest.console.dll, TcpClientExtensions.MessageLoopAsync: Polling on remoteEndPoint: 127.0.0.1:51007 localEndPoint: 127.0.0.1:51006
TpTrace Verbose: 0 : 22324, 5, 2022/05/18, 14:21:32.836, 3209474817652, vstest.console.dll, TestRequestSender.StartTestRun: Sending test run with message: {"Version":5,"MessageType":"TestExecution.StartWithSources","Payload":{"AdapterSourceMap":{"_none_":["C:\\Users\\Cvetomir\\Desktop\\QA Automation\\Selenium-Basics\\Selenium-Basics\\bin\\Debug\\net5.0\\fine-code-coverage\\build-output\\Selenium-Basics.dll"]},"RunSettings":"<RunSettings>\r\n  <RunConfiguration>\r\n    <ResultsDirectory>C:\\Users\\Cvetomir\\Desktop\\QA Automation\\Selenium-Basics\\Selenium-Basics\\bin\\Debug\\net5.0\\fine-code-coverage\\coverage-tool-output</ResultsDirectory>\r\n    <TargetFrameworkVersion>.NETCoreApp,Version=v5.0</TargetFrameworkVersion>\r\n    <DesignMode>False</DesignMode>\r\n    <CollectSourceInformation>False</CollectSourceInformation>\r\n  </RunConfiguration>\r\n  <LoggerRunSettings>\r\n    <Loggers>\r\n      <Logger friendlyName=\"blame\" enabled=\"True\" />\r\n      <Logger friendlyName=\"Console\" uri=\"logger://microsoft/TestPlatform/ConsoleLogger/v1\" assemblyQualifiedName=\"Microsoft.VisualStudio.TestPlatform.CommandLine.Internal.ConsoleLogger, vstest.console, Version=15.0.0.0, Culture=neutral, PublicKeyToken=b03f5f7f11d50a3a\" codeBase=\"C:\\Program Files\\dotnet\\sdk\\6.0.300\\vstest.console.dll\" enabled=\"True\" />\r\n    </Loggers>\r\n  </LoggerRunSettings>\r\n  <DataCollectionRunSettings>\r\n    <DataCollectors>\r\n      <DataCollector friendlyName=\"blame\" enabled=\"True\">\r\n        <Configuration>\r\n          <ResultsDirectory>C:\\Users\\Cvetomir\\Desktop\\QA Automation\\Selenium-Basics\\Selenium-Basics\\bin\\Debug\\net5.0\\fine-code-coverage\\coverage-tool-output</ResultsDirectory>\r\n        </Configuration>\r\n      </DataCollector>\r\n    </DataCollectors>\r\n  </DataCollectionRunSettings>\r\n</RunSettings>","TestExecutionContext":{"FrequencyOfRunStatsChangeEvent":10,"RunStatsChangeEventTimeout":"00:00:01.5000000","InIsolation":false,"KeepAlive":false,"AreTestCaseLevelEventsRequired":false,"IsDebug":false,"TestCaseFilter":null,"FilterOptions":null},"Package":null}}
TpTrace Verbose: 0 : 22324, 14, 2022/05/18, 14:21:32.961, 3209476068383, vstest.console.dll, TcpClientExtensions.MessageLoopAsync: NotifyDataAvailable remoteEndPoint: 127.0.0.1:51007 localEndPoint: 127.0.0.1:51006
TpTrace Verbose: 0 : 22324, 14, 2022/05/18, 14:21:32.961, 3209476069996, vstest.console.dll, TestRequestSender.OnExecutionMessageReceived: Received message: {"Version":5,"MessageType":"TestSession.Message","Payload":{"MessageLevel":0,"Message":"NUnit Adapter 4.0.0.0: Test execution started"}}
TpTrace Verbose: 0 : 22324, 14, 2022/05/18, 14:21:32.961, 3209476072286, vstest.console.dll, TestRunRequest:SendTestRunMessage: Starting.
TpTrace Verbose: 0 : 22324, 14, 2022/05/18, 14:21:32.961, 3209476072885, vstest.console.dll, MulticastDelegateUtilities.SafeInvoke: TestRun.LogMessages: Invoking callback 1/1 for Microsoft.VisualStudio.TestPlatform.CommandLine.TestRunResultAggregator.TestRunMessageHandler, took 0 ms.
TpTrace Verbose: 0 : 22324, 4, 2022/05/18, 14:21:32.961, 3209476073055, vstest.console.dll, MulticastDelegateUtilities.SafeInvoke: InternalTestLoggerEvents.SendTestRunMessage: Invoking callback 1/1 for Microsoft.VisualStudio.TestPlatform.CommandLine.Internal.ConsoleLogger.TestMessageHandler, took 0 ms.
TpTrace Information: 0 : 22324, 14, 2022/05/18, 14:21:32.961, 3209476073212, vstest.console.dll, TestRunRequest:SendTestRunMessage: Completed.
TpTrace Verbose: 0 : 22324, 14, 2022/05/18, 14:21:32.962, 3209476074014, vstest.console.dll, MulticastDelegateUtilities.SafeInvoke: LengthPrefixCommunicationChannel: MessageReceived: Invoking callback 1/1 for Microsoft.VisualStudio.TestPlatform.CommunicationUtilities.TestRequestSender+<>c__DisplayClass30_0.<StartTestRun>b__1, took 0 ms.
TpTrace Verbose: 0 : 22324, 14, 2022/05/18, 14:21:32.962, 3209476074533, vstest.console.dll, TcpClientExtensions.MessageLoopAsync: Polling on remoteEndPoint: 127.0.0.1:51007 localEndPoint: 127.0.0.1:51006
TpTrace Verbose: 0 : 22324, 14, 2022/05/18, 14:21:32.990, 3209476361282, vstest.console.dll, TcpClientExtensions.MessageLoopAsync: NotifyDataAvailable remoteEndPoint: 127.0.0.1:51007 localEndPoint: 127.0.0.1:51006
TpTrace Verbose: 0 : 22324, 14, 2022/05/18, 14:21:32.990, 3209476362968, vstest.console.dll, TestRequestSender.OnExecutionMessageReceived: Received message: {"Version":5,"MessageType":"TestSession.Message","Payload":{"MessageLevel":0,"Message":"Running all tests in C:\\Users\\Cvetomir\\Desktop\\QA Automation\\Selenium-Basics\\Selenium-Basics\\bin\\Debug\\net5.0\\fine-code-coverage\\build-output\\Selenium-Basics.dll"}}
TpTrace Verbose: 0 : 22324, 14, 2022/05/18, 14:21:32.991, 3209476365040, vstest.console.dll, TestRunRequest:SendTestRunMessage: Starting.
TpTrace Verbose: 0 : 22324, 14, 2022/05/18, 14:21:32.991, 3209476365646, vstest.console.dll, MulticastDelegateUtilities.SafeInvoke: TestRun.LogMessages: Invoking callback 1/1 for Microsoft.VisualStudio.TestPlatform.CommandLine.TestRunResultAggregator.TestRunMessageHandler, took 0 ms.
TpTrace Verbose: 0 : 22324, 4, 2022/05/18, 14:21:32.991, 3209476365858, vstest.console.dll, MulticastDelegateUtilities.SafeInvoke: InternalTestLoggerEvents.SendTestRunMessage: Invoking callback 1/1 for Microsoft.VisualStudio.TestPlatform.CommandLine.Internal.ConsoleLogger.TestMessageHandler, took 0 ms.
TpTrace Information: 0 : 22324, 14, 2022/05/18, 14:21:32.991, 3209476365962, vstest.console.dll, TestRunRequest:SendTestRunMessage: Completed.
TpTrace Verbose: 0 : 22324, 14, 2022/05/18, 14:21:32.991, 3209476366844, vstest.console.dll, MulticastDelegateUtilities.SafeInvoke: LengthPrefixCommunicationChannel: MessageReceived: Invoking callback 1/1 for Microsoft.VisualStudio.TestPlatform.CommunicationUtilities.TestRequestSender+<>c__DisplayClass30_0.<StartTestRun>b__1, took 0 ms.
TpTrace Verbose: 0 : 22324, 14, 2022/05/18, 14:21:32.991, 3209476367161, vstest.console.dll, TcpClientExtensions.MessageLoopAsync: Polling on remoteEndPoint: 127.0.0.1:51007 localEndPoint: 127.0.0.1:51006
TpTrace Verbose: 0 : 22324, 14, 2022/05/18, 14:21:33.210, 3209478563830, vstest.console.dll, TcpClientExtensions.MessageLoopAsync: NotifyDataAvailable remoteEndPoint: 127.0.0.1:51007 localEndPoint: 127.0.0.1:51006
TpTrace Verbose: 0 : 22324, 14, 2022/05/18, 14:21:33.211, 3209478565311, vstest.console.dll, TestRequestSender.OnExecutionMessageReceived: Received message: {"Version":5,"MessageType":"TestSession.Message","Payload":{"MessageLevel":0,"Message":"   NUnit3TestExecutor discovered 10 of 10 NUnit test cases using Current Discovery mode, Non-Explicit run"}}
TpTrace Verbose: 0 : 22324, 14, 2022/05/18, 14:21:33.211, 3209478567102, vstest.console.dll, TestRunRequest:SendTestRunMessage: Starting.
TpTrace Verbose: 0 : 22324, 14, 2022/05/18, 14:21:33.211, 3209478567665, vstest.console.dll, MulticastDelegateUtilities.SafeInvoke: TestRun.LogMessages: Invoking callback 1/1 for Microsoft.VisualStudio.TestPlatform.CommandLine.TestRunResultAggregator.TestRunMessageHandler, took 0 ms.
TpTrace Information: 0 : 22324, 14, 2022/05/18, 14:21:33.211, 3209478567960, vstest.console.dll, TestRunRequest:SendTestRunMessage: Completed.
TpTrace Verbose: 0 : 22324, 14, 2022/05/18, 14:21:33.211, 3209478568274, vstest.console.dll, MulticastDelegateUtilities.SafeInvoke: LengthPrefixCommunicationChannel: MessageReceived: Invoking callback 1/1 for Microsoft.VisualStudio.TestPlatform.CommunicationUtilities.TestRequestSender+<>c__DisplayClass30_0.<StartTestRun>b__1, took 0 ms.
TpTrace Verbose: 0 : 22324, 4, 2022/05/18, 14:21:33.211, 3209478568072, vstest.console.dll, MulticastDelegateUtilities.SafeInvoke: InternalTestLoggerEvents.SendTestRunMessage: Invoking callback 1/1 for Microsoft.VisualStudio.TestPlatform.CommandLine.Internal.ConsoleLogger.TestMessageHandler, took 0 ms.
TpTrace Verbose: 0 : 22324, 14, 2022/05/18, 14:21:33.211, 3209478568873, vstest.console.dll, TcpClientExtensions.MessageLoopAsync: Polling on remoteEndPoint: 127.0.0.1:51007 localEndPoint: 127.0.0.1:51006
TpTrace Verbose: 0 : 22324, 14, 2022/05/18, 14:21:34.224, 3209488698122, vstest.console.dll, TcpClientExtensions.MessageLoopAsync: Polling on remoteEndPoint: 127.0.0.1:51007 localEndPoint: 127.0.0.1:51006
TpTrace Verbose: 0 : 22324, 14, 2022/05/18, 14:21:34.419, 3209490647042, vstest.console.dll, TcpClientExtensions.MessageLoopAsync: NotifyDataAvailable remoteEndPoint: 127.0.0.1:51007 localEndPoint: 127.0.0.1:51006
TpTrace Verbose: 0 : 22324, 14, 2022/05/18, 14:21:34.419, 3209490648396, vstest.console.dll, TestRequestSender.OnExecutionMessageReceived: Received message: {"Version":5,"MessageType":"TestExecution.StatsChange","Payload":{"NewTestResults":[],"TestRunStatistics":{"ExecutedTests":0,"Stats":{}},"ActiveTests":[{"Id":"f6e6b49d-fc75-9725-0080-cd7a0e40b180","FullyQualifiedName":"Selenium_Basics.Summator.Test_Summator_Empty_Inputs","DisplayName":"Test_Summator_Empty_Inputs","ExecutorUri":"executor://NUnit3TestExecutor","Source":"C:\\Users\\Cvetomir\\Desktop\\QA Automation\\Selenium-Basics\\Selenium-Basics\\bin\\Debug\\net5.0\\fine-code-coverage\\build-output\\Selenium-Basics.dll","CodeFilePath":null,"LineNumber":0,"Properties":[{"Key":{"Id":"NUnit.Seed","Label":"Seed","Category":"","Description":"","Attributes":0,"ValueType":"System.String"},"Value":"1188861437"}]}]}}
TpTrace Verbose: 0 : 22324, 14, 2022/05/18, 14:21:34.434, 3209490802532, vstest.console.dll, TestRunRequest:SendTestRunStatsChange: Starting.
TpTrace Verbose: 0 : 22324, 14, 2022/05/18, 14:21:34.434, 3209490803752, vstest.console.dll, InProgress is Test_Summator_Empty_Inputs
TpTrace Verbose: 0 : 22324, 14, 2022/05/18, 14:21:34.435, 3209490804438, vstest.console.dll, MulticastDelegateUtilities.SafeInvoke: TestRun.RunStatsChanged: Invoking callbacks was skipped because there are no subscribers.
TpTrace Information: 0 : 22324, 14, 2022/05/18, 14:21:34.435, 3209490804714, vstest.console.dll, TestRunRequest:SendTestRunStatsChange: Completed.
TpTrace Verbose: 0 : 22324, 14, 2022/05/18, 14:21:34.435, 3209490804986, vstest.console.dll, MulticastDelegateUtilities.SafeInvoke: LengthPrefixCommunicationChannel: MessageReceived: Invoking callback 1/1 for Microsoft.VisualStudio.TestPlatform.CommunicationUtilities.TestRequestSender+<>c__DisplayClass30_0.<StartTestRun>b__1, took 15 ms.
TpTrace Verbose: 0 : 22324, 14, 2022/05/18, 14:21:34.435, 3209490805244, vstest.console.dll, TcpClientExtensions.MessageLoopAsync: Polling on remoteEndPoint: 127.0.0.1:51007 localEndPoint: 127.0.0.1:51006
TpTrace Verbose: 0 : 22324, 14, 2022/05/18, 14:21:35.436, 3209500818840, vstest.console.dll, TcpClientExtensions.MessageLoopAsync: Polling on remoteEndPoint: 127.0.0.1:51007 localEndPoint: 127.0.0.1:51006
TpTrace Verbose: 0 : 22324, 14, 2022/05/18, 14:21:36.009, 3209506545063, vstest.console.dll, TcpClientExtensions.MessageLoopAsync: NotifyDataAvailable remoteEndPoint: 127.0.0.1:51007 localEndPoint: 127.0.0.1:51006
TpTrace Verbose: 0 : 22324, 14, 2022/05/18, 14:21:36.009, 3209506546673, vstest.console.dll, TestRequestSender.OnExecutionMessageReceived: Received message: {"Version":5,"MessageType":"TestExecution.StatsChange","Payload":{"NewTestResults":[{"TestCase":{"Id":"f6e6b49d-fc75-9725-0080-cd7a0e40b180","FullyQualifiedName":"Selenium_Basics.Summator.Test_Summator_Empty_Inputs","DisplayName":"Test_Summator_Empty_Inputs","ExecutorUri":"executor://NUnit3TestExecutor","Source":"C:\\Users\\Cvetomir\\Desktop\\QA Automation\\Selenium-Basics\\Selenium-Basics\\bin\\Debug\\net5.0\\fine-code-coverage\\build-output\\Selenium-Basics.dll","CodeFilePath":null,"LineNumber":0,"Properties":[{"Key":{"Id":"NUnit.Seed","Label":"Seed","Category":"","Description":"","Attributes":0,"ValueType":"System.String"},"Value":"1188861437"}]},"Attachments":[],"Outcome":1,"ErrorMessage":null,"ErrorStackTrace":null,"DisplayName":"Test_Summator_Empty_Inputs","Messages":[],"ComputerName":"DESKTOP-K447GHB","Duration":"00:00:02.7359429","StartTime":"2022-05-18T11:21:33.2377825+00:00","EndTime":"2022-05-18T11:21:35.9736319+00:00","Properties":[{"Key":{"Id":"NUnit.Seed","Label":"Seed","Category":"","Description":"","Attributes":0,"ValueType":"System.String"},"Value":"1188861437"}]}],"TestRunStatistics":{"ExecutedTests":1,"Stats":{"Passed":1}},"ActiveTests":[{"Id":"c96d406b-19f0-3053-b4fe-4a97cf99476f","FullyQualifiedName":"Selenium_Basics.Summator.Test_Summator_InValid_Inputs","DisplayName":"Test_Summator_InValid_Inputs","ExecutorUri":"executor://NUnit3TestExecutor","Source":"C:\\Users\\Cvetomir\\Desktop\\QA Automation\\Selenium-Basics\\Selenium-Basics\\bin\\Debug\\net5.0\\fine-code-coverage\\build-output\\Selenium-Basics.dll","CodeFilePath":null,"LineNumber":0,"Properties":[{"Key":{"Id":"NUnit.Seed","Label":"Seed","Category":"","Description":"","Attributes":0,"ValueType":"System.String"},"Value":"1418024018"}]}]}}
TpTrace Verbose: 0 : 22324, 14, 2022/05/18, 14:21:36.016, 3209506616503, vstest.console.dll, TestRunRequest:SendTestRunStatsChange: Starting.
TpTrace Verbose: 0 : 22324, 14, 2022/05/18, 14:21:36.016, 3209506617181, vstest.console.dll, InProgress is Test_Summator_InValid_Inputs
TpTrace Verbose: 0 : 22324, 14, 2022/05/18, 14:21:36.016, 3209506618223, vstest.console.dll, MulticastDelegateUtilities.SafeInvoke: TestRun.RunStatsChanged: Invoking callbacks was skipped because there are no subscribers.
TpTrace Information: 0 : 22324, 14, 2022/05/18, 14:21:36.016, 3209506618514, vstest.console.dll, TestRunRequest:SendTestRunStatsChange: Completed.
TpTrace Verbose: 0 : 22324, 14, 2022/05/18, 14:21:36.016, 3209506618774, vstest.console.dll, MulticastDelegateUtilities.SafeInvoke: LengthPrefixCommunicationChannel: MessageReceived: Invoking callback 1/1 for Microsoft.VisualStudio.TestPlatform.CommunicationUtilities.TestRequestSender+<>c__DisplayClass30_0.<StartTestRun>b__1, took 7 ms.
TpTrace Verbose: 0 : 22324, 14, 2022/05/18, 14:21:36.016, 3209506619013, vstest.console.dll, TcpClientExtensions.MessageLoopAsync: Polling on remoteEndPoint: 127.0.0.1:51007 localEndPoint: 127.0.0.1:51006
TpTrace Verbose: 0 : 22324, 4, 2022/05/18, 14:21:36.019, 3209506647929, vstest.console.dll, MulticastDelegateUtilities.SafeInvoke: InternalTestLoggerEvents.SendTestResult: Invoking callback 1/1 for Microsoft.VisualStudio.TestPlatform.CommandLine.Internal.ConsoleLogger.TestResultHandler, took 2 ms.
TpTrace Verbose: 0 : 22324, 14, 2022/05/18, 14:21:37.016, 3209516623867, vstest.console.dll, TcpClientExtensions.MessageLoopAsync: Polling on remoteEndPoint: 127.0.0.1:51007 localEndPoint: 127.0.0.1:51006
TpTrace Verbose: 0 : 22324, 14, 2022/05/18, 14:21:37.989, 3209526353128, vstest.console.dll, TcpClientExtensions.MessageLoopAsync: NotifyDataAvailable remoteEndPoint: 127.0.0.1:51007 localEndPoint: 127.0.0.1:51006
TpTrace Verbose: 0 : 22324, 14, 2022/05/18, 14:21:37.990, 3209526354852, vstest.console.dll, TestRequestSender.OnExecutionMessageReceived: Received message: {"Version":5,"MessageType":"TestExecution.StatsChange","Payload":{"NewTestResults":[{"TestCase":{"Id":"c96d406b-19f0-3053-b4fe-4a97cf99476f","FullyQualifiedName":"Selenium_Basics.Summator.Test_Summator_InValid_Inputs","DisplayName":"Test_Summator_InValid_Inputs","ExecutorUri":"executor://NUnit3TestExecutor","Source":"C:\\Users\\Cvetomir\\Desktop\\QA Automation\\Selenium-Basics\\Selenium-Basics\\bin\\Debug\\net5.0\\fine-code-coverage\\build-output\\Selenium-Basics.dll","CodeFilePath":null,"LineNumber":0,"Properties":[{"Key":{"Id":"NUnit.Seed","Label":"Seed","Category":"","Description":"","Attributes":0,"ValueType":"System.String"},"Value":"1418024018"}]},"Attachments":[],"Outcome":1,"ErrorMessage":null,"ErrorStackTrace":null,"DisplayName":"Test_Summator_InValid_Inputs","Messages":[],"ComputerName":"DESKTOP-K447GHB","Duration":"00:00:02.0117729","StartTime":"2022-05-18T11:21:35.9754724+00:00","EndTime":"2022-05-18T11:21:37.9872452+00:00","Properties":[{"Key":{"Id":"NUnit.Seed","Label":"Seed","Category":"","Description":"","Attributes":0,"ValueType":"System.String"},"Value":"1418024018"}]}],"TestRunStatistics":{"ExecutedTests":2,"Stats":{"Passed":2}},"ActiveTests":[{"Id":"a85b9c32-0d0c-fb80-0d86-7223f16fe091","FullyQualifiedName":"Selenium_Basics.Summator.Test_Summator_Valid_Inputs","DisplayName":"Test_Summator_Valid_Inputs","ExecutorUri":"executor://NUnit3TestExecutor","Source":"C:\\Users\\Cvetomir\\Desktop\\QA Automation\\Selenium-Basics\\Selenium-Basics\\bin\\Debug\\net5.0\\fine-code-coverage\\build-output\\Selenium-Basics.dll","CodeFilePath":null,"LineNumber":0,"Properties":[{"Key":{"Id":"NUnit.Seed","Label":"Seed","Category":"","Description":"","Attributes":0,"ValueType":"System.String"},"Value":"513811541"}]}]}}
TpTrace Verbose: 0 : 22324, 14, 2022/05/18, 14:21:37.991, 3209526366539, vstest.console.dll, TestRunRequest:SendTestRunStatsChange: Starting.
TpTrace Verbose: 0 : 22324, 14, 2022/05/18, 14:21:37.991, 3209526367247, vstest.console.dll, InProgress is Test_Summator_Valid_Inputs
TpTrace Verbose: 0 : 22324, 14, 2022/05/18, 14:21:37.991, 3209526367824, vstest.console.dll, MulticastDelegateUtilities.SafeInvoke: TestRun.RunStatsChanged: Invoking callbacks was skipped because there are no subscribers.
TpTrace Information: 0 : 22324, 14, 2022/05/18, 14:21:37.991, 3209526368218, vstest.console.dll, TestRunRequest:SendTestRunStatsChange: Completed.
TpTrace Verbose: 0 : 22324, 14, 2022/05/18, 14:21:37.991, 3209526368592, vstest.console.dll, MulticastDelegateUtilities.SafeInvoke: LengthPrefixCommunicationChannel: MessageReceived: Invoking callback 1/1 for Microsoft.VisualStudio.TestPlatform.CommunicationUtilities.TestRequestSender+<>c__DisplayClass30_0.<StartTestRun>b__1, took 1 ms.
TpTrace Verbose: 0 : 22324, 4, 2022/05/18, 14:21:37.991, 3209526368611, vstest.console.dll, MulticastDelegateUtilities.SafeInvoke: InternalTestLoggerEvents.SendTestResult: Invoking callback 1/1 for Microsoft.VisualStudio.TestPlatform.CommandLine.Internal.ConsoleLogger.TestResultHandler, took 0 ms.
TpTrace Verbose: 0 : 22324, 14, 2022/05/18, 14:21:37.991, 3209526369184, vstest.console.dll, TcpClientExtensions.MessageLoopAsync: Polling on remoteEndPoint: 127.0.0.1:51007 localEndPoint: 127.0.0.1:51006
TpTrace Verbose: 0 : 22324, 14, 2022/05/18, 14:21:38.994, 3209536401996, vstest.console.dll, TcpClientExtensions.MessageLoopAsync: Polling on remoteEndPoint: 127.0.0.1:51007 localEndPoint: 127.0.0.1:51006
TpTrace Verbose: 0 : 22324, 14, 2022/05/18, 14:21:39.981, 3209546270115, vstest.console.dll, TcpClientExtensions.MessageLoopAsync: NotifyDataAvailable remoteEndPoint: 127.0.0.1:51007 localEndPoint: 127.0.0.1:51006
TpTrace Verbose: 0 : 22324, 14, 2022/05/18, 14:21:39.981, 3209546271401, vstest.console.dll, TestRequestSender.OnExecutionMessageReceived: Received message: {"Version":5,"MessageType":"TestExecution.StatsChange","Payload":{"NewTestResults":[{"TestCase":{"Id":"a85b9c32-0d0c-fb80-0d86-7223f16fe091","FullyQualifiedName":"Selenium_Basics.Summator.Test_Summator_Valid_Inputs","DisplayName":"Test_Summator_Valid_Inputs","ExecutorUri":"executor://NUnit3TestExecutor","Source":"C:\\Users\\Cvetomir\\Desktop\\QA Automation\\Selenium-Basics\\Selenium-Basics\\bin\\Debug\\net5.0\\fine-code-coverage\\build-output\\Selenium-Basics.dll","CodeFilePath":null,"LineNumber":0,"Properties":[{"Key":{"Id":"NUnit.Seed","Label":"Seed","Category":"","Description":"","Attributes":0,"ValueType":"System.String"},"Value":"513811541"}]},"Attachments":[],"Outcome":1,"ErrorMessage":null,"ErrorStackTrace":null,"DisplayName":"Test_Summator_Valid_Inputs","Messages":[],"ComputerName":"DESKTOP-K447GHB","Duration":"00:00:01.9923620","StartTime":"2022-05-18T11:21:37.9872905+00:00","EndTime":"2022-05-18T11:21:39.9796508+00:00","Properties":[{"Key":{"Id":"NUnit.Seed","Label":"Seed","Category":"","Description":"","Attributes":0,"ValueType":"System.String"},"Value":"513811541"}]}],"TestRunStatistics":{"ExecutedTests":3,"Stats":{"Passed":3}},"ActiveTests":[{"Id":"fbc6653a-ba43-ddeb-12f7-8cdb1baccadb","FullyQualifiedName":"Selenium_Basics.Summator.Test_Summator_Valid_Negative_Inputs","DisplayName":"Test_Summator_Valid_Negative_Inputs","ExecutorUri":"executor://NUnit3TestExecutor","Source":"C:\\Users\\Cvetomir\\Desktop\\QA Automation\\Selenium-Basics\\Selenium-Basics\\bin\\Debug\\net5.0\\fine-code-coverage\\build-output\\Selenium-Basics.dll","CodeFilePath":null,"LineNumber":0,"Properties":[{"Key":{"Id":"NUnit.Seed","Label":"Seed","Category":"","Description":"","Attributes":0,"ValueType":"System.String"},"Value":"972370785"}]}]}}
TpTrace Verbose: 0 : 22324, 14, 2022/05/18, 14:21:39.982, 3209546278143, vstest.console.dll, TestRunRequest:SendTestRunStatsChange: Starting.
TpTrace Verbose: 0 : 22324, 14, 2022/05/18, 14:21:39.982, 3209546278601, vstest.console.dll, InProgress is Test_Summator_Valid_Negative_Inputs
TpTrace Verbose: 0 : 22324, 14, 2022/05/18, 14:21:39.982, 3209546278974, vstest.console.dll, MulticastDelegateUtilities.SafeInvoke: TestRun.RunStatsChanged: Invoking callbacks was skipped because there are no subscribers.
TpTrace Information: 0 : 22324, 14, 2022/05/18, 14:21:39.982, 3209546279294, vstest.console.dll, TestRunRequest:SendTestRunStatsChange: Completed.
TpTrace Verbose: 0 : 22324, 14, 2022/05/18, 14:21:39.982, 3209546279690, vstest.console.dll, MulticastDelegateUtilities.SafeInvoke: LengthPrefixCommunicationChannel: MessageReceived: Invoking callback 1/1 for Microsoft.VisualStudio.TestPlatform.CommunicationUtilities.TestRequestSender+<>c__DisplayClass30_0.<StartTestRun>b__1, took 0 ms.
TpTrace Verbose: 0 : 22324, 4, 2022/05/18, 14:21:39.982, 3209546279726, vstest.console.dll, MulticastDelegateUtilities.SafeInvoke: InternalTestLoggerEvents.SendTestResult: Invoking callback 1/1 for Microsoft.VisualStudio.TestPlatform.CommandLine.Internal.ConsoleLogger.TestResultHandler, took 0 ms.
TpTrace Verbose: 0 : 22324, 14, 2022/05/18, 14:21:39.982, 3209546280042, vstest.console.dll, TcpClientExtensions.MessageLoopAsync: Polling on remoteEndPoint: 127.0.0.1:51007 localEndPoint: 127.0.0.1:51006
TpTrace Verbose: 0 : 22324, 14, 2022/05/18, 14:21:40.983, 3209556284684, vstest.console.dll, TcpClientExtensions.MessageLoopAsync: Polling on remoteEndPoint: 127.0.0.1:51007 localEndPoint: 127.0.0.1:51006
TpTrace Verbose: 0 : 22324, 14, 2022/05/18, 14:21:41.736, 3209563823504, vstest.console.dll, TcpClientExtensions.MessageLoopAsync: NotifyDataAvailable remoteEndPoint: 127.0.0.1:51007 localEndPoint: 127.0.0.1:51006
TpTrace Verbose: 0 : 22324, 14, 2022/05/18, 14:21:41.737, 3209563825248, vstest.console.dll, TestRequestSender.OnExecutionMessageReceived: Received message: {"Version":5,"MessageType":"TestExecution.StatsChange","Payload":{"NewTestResults":[{"TestCase":{"Id":"fbc6653a-ba43-ddeb-12f7-8cdb1baccadb","FullyQualifiedName":"Selenium_Basics.Summator.Test_Summator_Valid_Negative_Inputs","DisplayName":"Test_Summator_Valid_Negative_Inputs","ExecutorUri":"executor://NUnit3TestExecutor","Source":"C:\\Users\\Cvetomir\\Desktop\\QA Automation\\Selenium-Basics\\Selenium-Basics\\bin\\Debug\\net5.0\\fine-code-coverage\\build-output\\Selenium-Basics.dll","CodeFilePath":null,"LineNumber":0,"Properties":[{"Key":{"Id":"NUnit.Seed","Label":"Seed","Category":"","Description":"","Attributes":0,"ValueType":"System.String"},"Value":"972370785"}]},"Attachments":[],"Outcome":2,"ErrorMessage":"OpenQA.Selenium.NoSuchWindowException : no such window: target window already closed\r\nfrom unknown error: web view not found\r\n  (Session info: chrome=101.0.4951.67)","ErrorStackTrace":"   at OpenQA.Selenium.WebDriver.UnpackAndThrowOnError(Response errorResponse)\r\n   at OpenQA.Selenium.WebDriver.Execute(String driverCommandToExecute, Dictionary`2 parameters)\r\n   at OpenQA.Selenium.WebDriver.FindElement(String mechanism, String value)\r\n   at OpenQA.Selenium.By.<.ctor>b__11_0(ISearchContext context)\r\n   at OpenQA.Selenium.By.FindElement(ISearchContext context)\r\n   at OpenQA.Selenium.WebDriver.FindElement(By by)\r\n   at Selenium_Basics.Summator.Test_Summator_Valid_Negative_Inputs() in C:\\Users\\Cvetomir\\Desktop\\QA Automation\\Selenium-Basics\\Selenium-Basics\\Summator.cs:line 50","DisplayName":"Test_Summator_Valid_Negative_Inputs","Messages":[],"ComputerName":"DESKTOP-K447GHB","Duration":"00:00:01.7497880","StartTime":"2022-05-18T11:21:39.9796802+00:00","EndTime":"2022-05-18T11:21:41.729467+00:00","Properties":[{"Key":{"Id":"NUnit.Seed","Label":"Seed","Category":"","Description":"","Attributes":0,"ValueType":"System.String"},"Value":"972370785"}]}],"TestRunStatistics":{"ExecutedTests":4,"Stats":{"Passed":3,"Failed":1}},"ActiveTests":[{"Id":"d00c364b-cc87-9ef7-02b7-a326468c250c","FullyQualifiedName":"Selenium_Basics.URLShortener.Test_Search_Wikipedia","DisplayName":"Test_Search_Wikipedia","ExecutorUri":"executor://NUnit3TestExecutor","Source":"C:\\Users\\Cvetomir\\Desktop\\QA Automation\\Selenium-Basics\\Selenium-Basics\\bin\\Debug\\net5.0\\fine-code-coverage\\build-output\\Selenium-Basics.dll","CodeFilePath":null,"LineNumber":0,"Properties":[{"Key":{"Id":"NUnit.Seed","Label":"Seed","Category":"","Description":"","Attributes":0,"ValueType":"System.String"},"Value":"1631025356"}]}]}}
TpTrace Verbose: 0 : 22324, 14, 2022/05/18, 14:21:41.738, 3209563835464, vstest.console.dll, TestRunRequest:SendTestRunStatsChange: Starting.
TpTrace Verbose: 0 : 22324, 14, 2022/05/18, 14:21:41.738, 3209563836218, vstest.console.dll, InProgress is Test_Search_Wikipedia
TpTrace Verbose: 0 : 22324, 14, 2022/05/18, 14:21:41.738, 3209563836575, vstest.console.dll, MulticastDelegateUtilities.SafeInvoke: TestRun.RunStatsChanged: Invoking callbacks was skipped because there are no subscribers.
TpTrace Information: 0 : 22324, 14, 2022/05/18, 14:21:41.738, 3209563836875, vstest.console.dll, TestRunRequest:SendTestRunStatsChange: Completed.
TpTrace Verbose: 0 : 22324, 14, 2022/05/18, 14:21:41.738, 3209563837241, vstest.console.dll, MulticastDelegateUtilities.SafeInvoke: LengthPrefixCommunicationChannel: MessageReceived: Invoking callback 1/1 for Microsoft.VisualStudio.TestPlatform.CommunicationUtilities.TestRequestSender+<>c__DisplayClass30_0.<StartTestRun>b__1, took 1 ms.
TpTrace Verbose: 0 : 22324, 14, 2022/05/18, 14:21:41.738, 3209563837614, vstest.console.dll, TcpClientExtensions.MessageLoopAsync: Polling on remoteEndPoint: 127.0.0.1:51007 localEndPoint: 127.0.0.1:51006
TpTrace Verbose: 0 : 22324, 4, 2022/05/18, 14:21:41.739, 3209563846114, vstest.console.dll, MulticastDelegateUtilities.SafeInvoke: InternalTestLoggerEvents.SendTestResult: Invoking callback 1/1 for Microsoft.VisualStudio.TestPlatform.CommandLine.Internal.ConsoleLogger.TestResultHandler, took 0 ms.
TpTrace Verbose: 0 : 22324, 14, 2022/05/18, 14:21:42.742, 3209573880565, vstest.console.dll, TcpClientExtensions.MessageLoopAsync: Polling on remoteEndPoint: 127.0.0.1:51007 localEndPoint: 127.0.0.1:51006
TpTrace Verbose: 0 : 22324, 14, 2022/05/18, 14:21:43.757, 3209584029733, vstest.console.dll, TcpClientExtensions.MessageLoopAsync: Polling on remoteEndPoint: 127.0.0.1:51007 localEndPoint: 127.0.0.1:51006
TpTrace Verbose: 0 : 22324, 14, 2022/05/18, 14:21:44.771, 3209594164108, vstest.console.dll, TcpClientExtensions.MessageLoopAsync: Polling on remoteEndPoint: 127.0.0.1:51007 localEndPoint: 127.0.0.1:51006
TpTrace Verbose: 0 : 22324, 14, 2022/05/18, 14:21:45.696, 3209603415397, vstest.console.dll, TcpClientExtensions.MessageLoopAsync: NotifyDataAvailable remoteEndPoint: 127.0.0.1:51007 localEndPoint: 127.0.0.1:51006
TpTrace Verbose: 0 : 22324, 14, 2022/05/18, 14:21:45.696, 3209603416695, vstest.console.dll, TestRequestSender.OnExecutionMessageReceived: Received message: {"Version":5,"MessageType":"TestExecution.StatsChange","Payload":{"NewTestResults":[{"TestCase":{"Id":"d00c364b-cc87-9ef7-02b7-a326468c250c","FullyQualifiedName":"Selenium_Basics.URLShortener.Test_Search_Wikipedia","DisplayName":"Test_Search_Wikipedia","ExecutorUri":"executor://NUnit3TestExecutor","Source":"C:\\Users\\Cvetomir\\Desktop\\QA Automation\\Selenium-Basics\\Selenium-Basics\\bin\\Debug\\net5.0\\fine-code-coverage\\build-output\\Selenium-Basics.dll","CodeFilePath":null,"LineNumber":0,"Properties":[{"Key":{"Id":"NUnit.Seed","Label":"Seed","Category":"","Description":"","Attributes":0,"ValueType":"System.String"},"Value":"1631025356"}]},"Attachments":[],"Outcome":1,"ErrorMessage":null,"ErrorStackTrace":null,"DisplayName":"Test_Search_Wikipedia","Messages":[],"ComputerName":"DESKTOP-K447GHB","Duration":"00:00:03.9618120","StartTime":"2022-05-18T11:21:41.7319813+00:00","EndTime":"2022-05-18T11:21:45.6937922+00:00","Properties":[{"Key":{"Id":"NUnit.Seed","Label":"Seed","Category":"","Description":"","Attributes":0,"ValueType":"System.String"},"Value":"1631025356"}]}],"TestRunStatistics":{"ExecutedTests":5,"Stats":{"Passed":4,"Failed":1}},"ActiveTests":[{"Id":"3230cf4a-b36c-321a-09b9-cd60dcc9e38e","FullyQualifiedName":"Selenium_Basics.Wikipedia.Test_Search_Wikipedia","DisplayName":"Test_Search_Wikipedia","ExecutorUri":"executor://NUnit3TestExecutor","Source":"C:\\Users\\Cvetomir\\Desktop\\QA Automation\\Selenium-Basics\\Selenium-Basics\\bin\\Debug\\net5.0\\fine-code-coverage\\build-output\\Selenium-Basics.dll","CodeFilePath":null,"LineNumber":0,"Properties":[{"Key":{"Id":"NUnit.Seed","Label":"Seed","Category":"","Description":"","Attributes":0,"ValueType":"System.String"},"Value":"1230423145"}]}]}}
TpTrace Verbose: 0 : 22324, 14, 2022/05/18, 14:21:45.697, 3209603425324, vstest.console.dll, TestRunRequest:SendTestRunStatsChange: Starting.
TpTrace Verbose: 0 : 22324, 14, 2022/05/18, 14:21:45.697, 3209603425765, vstest.console.dll, InProgress is Test_Search_Wikipedia
TpTrace Verbose: 0 : 22324, 14, 2022/05/18, 14:21:45.697, 3209603426088, vstest.console.dll, MulticastDelegateUtilities.SafeInvoke: TestRun.RunStatsChanged: Invoking callbacks was skipped because there are no subscribers.
TpTrace Information: 0 : 22324, 14, 2022/05/18, 14:21:45.697, 3209603426310, vstest.console.dll, TestRunRequest:SendTestRunStatsChange: Completed.
TpTrace Verbose: 0 : 22324, 14, 2022/05/18, 14:21:45.697, 3209603426624, vstest.console.dll, MulticastDelegateUtilities.SafeInvoke: LengthPrefixCommunicationChannel: MessageReceived: Invoking callback 1/1 for Microsoft.VisualStudio.TestPlatform.CommunicationUtilities.TestRequestSender+<>c__DisplayClass30_0.<StartTestRun>b__1, took 1 ms.
TpTrace Verbose: 0 : 22324, 14, 2022/05/18, 14:21:45.697, 3209603426868, vstest.console.dll, TcpClientExtensions.MessageLoopAsync: Polling on remoteEndPoint: 127.0.0.1:51007 localEndPoint: 127.0.0.1:51006
TpTrace Verbose: 0 : 22324, 4, 2022/05/18, 14:21:45.697, 3209603427030, vstest.console.dll, MulticastDelegateUtilities.SafeInvoke: InternalTestLoggerEvents.SendTestResult: Invoking callback 1/1 for Microsoft.VisualStudio.TestPlatform.CommandLine.Internal.ConsoleLogger.TestResultHandler, took 0 ms.
TpTrace Verbose: 0 : 22324, 14, 2022/05/18, 14:21:46.702, 3209613481976, vstest.console.dll, TcpClientExtensions.MessageLoopAsync: Polling on remoteEndPoint: 127.0.0.1:51007 localEndPoint: 127.0.0.1:51006
TpTrace Verbose: 0 : 22324, 14, 2022/05/18, 14:21:47.716, 3209623621810, vstest.console.dll, TcpClientExtensions.MessageLoopAsync: Polling on remoteEndPoint: 127.0.0.1:51007 localEndPoint: 127.0.0.1:51006
TpTrace Verbose: 0 : 22324, 14, 2022/05/18, 14:21:48.220, 3209628660519, vstest.console.dll, TcpClientExtensions.MessageLoopAsync: NotifyDataAvailable remoteEndPoint: 127.0.0.1:51007 localEndPoint: 127.0.0.1:51006
TpTrace Verbose: 0 : 22324, 14, 2022/05/18, 14:21:48.220, 3209628661849, vstest.console.dll, TestRequestSender.OnExecutionMessageReceived: Received message: {"Version":5,"MessageType":"TestExecution.StatsChange","Payload":{"NewTestResults":[{"TestCase":{"Id":"3230cf4a-b36c-321a-09b9-cd60dcc9e38e","FullyQualifiedName":"Selenium_Basics.Wikipedia.Test_Search_Wikipedia","DisplayName":"Test_Search_Wikipedia","ExecutorUri":"executor://NUnit3TestExecutor","Source":"C:\\Users\\Cvetomir\\Desktop\\QA Automation\\Selenium-Basics\\Selenium-Basics\\bin\\Debug\\net5.0\\fine-code-coverage\\build-output\\Selenium-Basics.dll","CodeFilePath":null,"LineNumber":0,"Properties":[{"Key":{"Id":"NUnit.Seed","Label":"Seed","Category":"","Description":"","Attributes":0,"ValueType":"System.String"},"Value":"1230423145"}]},"Attachments":[],"Outcome":2,"ErrorMessage":"System.NullReferenceException : Object reference not set to an instance of an object.","ErrorStackTrace":"   at OpenQA.Selenium.WebDriver.get_Url()\r\n   at Selenium_Basics.Wikipedia.Test_Search_Wikipedia() in C:\\Users\\Cvetomir\\Desktop\\QA Automation\\Selenium-Basics\\Selenium-Basics\\Wikipedia.cs:line 25","DisplayName":"Test_Search_Wikipedia","Messages":[],"ComputerName":"DESKTOP-K447GHB","Duration":"00:00:02.5213080","StartTime":"2022-05-18T11:21:45.6941252+00:00","EndTime":"2022-05-18T11:21:48.2154323+00:00","Properties":[{"Key":{"Id":"NUnit.Seed","Label":"Seed","Category":"","Description":"","Attributes":0,"ValueType":"System.String"},"Value":"1230423145"}]}],"TestRunStatistics":{"ExecutedTests":6,"Stats":{"Passed":4,"Failed":2}},"ActiveTests":[{"Id":"78d3b3f4-e925-7710-d8b5-85c7e713fe62","FullyQualifiedName":"Selenium_Basics.Wikipedia.Test_Summator_Empty_Inputs","DisplayName":"Test_Summator_Empty_Inputs","ExecutorUri":"executor://NUnit3TestExecutor","Source":"C:\\Users\\Cvetomir\\Desktop\\QA Automation\\Selenium-Basics\\Selenium-Basics\\bin\\Debug\\net5.0\\fine-code-coverage\\build-output\\Selenium-Basics.dll","CodeFilePath":null,"LineNumber":0,"Properties":[{"Key":{"Id":"NUnit.Seed","Label":"Seed","Category":"","Description":"","Attributes":0,"ValueType":"System.String"},"Value":"291488652"}]}]}}
TpTrace Verbose: 0 : 22324, 14, 2022/05/18, 14:21:48.221, 3209628668994, vstest.console.dll, TestRunRequest:SendTestRunStatsChange: Starting.
TpTrace Verbose: 0 : 22324, 14, 2022/05/18, 14:21:48.221, 3209628669409, vstest.console.dll, InProgress is Test_Summator_Empty_Inputs
TpTrace Verbose: 0 : 22324, 14, 2022/05/18, 14:21:48.221, 3209628669816, vstest.console.dll, MulticastDelegateUtilities.SafeInvoke: TestRun.RunStatsChanged: Invoking callbacks was skipped because there are no subscribers.
TpTrace Information: 0 : 22324, 14, 2022/05/18, 14:21:48.221, 3209628670126, vstest.console.dll, TestRunRequest:SendTestRunStatsChange: Completed.
TpTrace Verbose: 0 : 22324, 14, 2022/05/18, 14:21:48.221, 3209628670411, vstest.console.dll, MulticastDelegateUtilities.SafeInvoke: LengthPrefixCommunicationChannel: MessageReceived: Invoking callback 1/1 for Microsoft.VisualStudio.TestPlatform.CommunicationUtilities.TestRequestSender+<>c__DisplayClass30_0.<StartTestRun>b__1, took 0 ms.
TpTrace Verbose: 0 : 22324, 14, 2022/05/18, 14:21:48.221, 3209628670662, vstest.console.dll, TcpClientExtensions.MessageLoopAsync: Polling on remoteEndPoint: 127.0.0.1:51007 localEndPoint: 127.0.0.1:51006
TpTrace Verbose: 0 : 22324, 4, 2022/05/18, 14:21:48.221, 3209628672540, vstest.console.dll, MulticastDelegateUtilities.SafeInvoke: InternalTestLoggerEvents.SendTestResult: Invoking callback 1/1 for Microsoft.VisualStudio.TestPlatform.CommandLine.Internal.ConsoleLogger.TestResultHandler, took 0 ms.
TpTrace Verbose: 0 : 22324, 14, 2022/05/18, 14:21:49.222, 3209638675317, vstest.console.dll, TcpClientExtensions.MessageLoopAsync: Polling on remoteEndPoint: 127.0.0.1:51007 localEndPoint: 127.0.0.1:51006
TpTrace Verbose: 0 : 22324, 14, 2022/05/18, 14:21:50.215, 3209648610888, vstest.console.dll, TcpClientExtensions.MessageLoopAsync: NotifyDataAvailable remoteEndPoint: 127.0.0.1:51007 localEndPoint: 127.0.0.1:51006
TpTrace Verbose: 0 : 22324, 14, 2022/05/18, 14:21:50.215, 3209648612078, vstest.console.dll, TestRequestSender.OnExecutionMessageReceived: Received message: {"Version":5,"MessageType":"TestExecution.StatsChange","Payload":{"NewTestResults":[{"TestCase":{"Id":"78d3b3f4-e925-7710-d8b5-85c7e713fe62","FullyQualifiedName":"Selenium_Basics.Wikipedia.Test_Summator_Empty_Inputs","DisplayName":"Test_Summator_Empty_Inputs","ExecutorUri":"executor://NUnit3TestExecutor","Source":"C:\\Users\\Cvetomir\\Desktop\\QA Automation\\Selenium-Basics\\Selenium-Basics\\bin\\Debug\\net5.0\\fine-code-coverage\\build-output\\Selenium-Basics.dll","CodeFilePath":null,"LineNumber":0,"Properties":[{"Key":{"Id":"NUnit.Seed","Label":"Seed","Category":"","Description":"","Attributes":0,"ValueType":"System.String"},"Value":"291488652"}]},"Attachments":[],"Outcome":1,"ErrorMessage":null,"ErrorStackTrace":null,"DisplayName":"Test_Summator_Empty_Inputs","Messages":[],"ComputerName":"DESKTOP-K447GHB","Duration":"00:00:01.9985170","StartTime":"2022-05-18T11:21:48.2154699+00:00","EndTime":"2022-05-18T11:21:50.2139851+00:00","Properties":[{"Key":{"Id":"NUnit.Seed","Label":"Seed","Category":"","Description":"","Attributes":0,"ValueType":"System.String"},"Value":"291488652"}]}],"TestRunStatistics":{"ExecutedTests":7,"Stats":{"Passed":5,"Failed":2}},"ActiveTests":[{"Id":"15245e00-40da-028f-9091-edbc93d13586","FullyQualifiedName":"Selenium_Basics.Wikipedia.Test_Summator_InValid_Inputs","DisplayName":"Test_Summator_InValid_Inputs","ExecutorUri":"executor://NUnit3TestExecutor","Source":"C:\\Users\\Cvetomir\\Desktop\\QA Automation\\Selenium-Basics\\Selenium-Basics\\bin\\Debug\\net5.0\\fine-code-coverage\\build-output\\Selenium-Basics.dll","CodeFilePath":null,"LineNumber":0,"Properties":[{"Key":{"Id":"NUnit.Seed","Label":"Seed","Category":"","Description":"","Attributes":0,"ValueType":"System.String"},"Value":"1691116630"}]}]}}
TpTrace Verbose: 0 : 22324, 14, 2022/05/18, 14:21:50.216, 3209648619173, vstest.console.dll, TestRunRequest:SendTestRunStatsChange: Starting.
TpTrace Verbose: 0 : 22324, 14, 2022/05/18, 14:21:50.216, 3209648619602, vstest.console.dll, InProgress is Test_Summator_InValid_Inputs
TpTrace Verbose: 0 : 22324, 14, 2022/05/18, 14:21:50.216, 3209648619916, vstest.console.dll, MulticastDelegateUtilities.SafeInvoke: TestRun.RunStatsChanged: Invoking callbacks was skipped because there are no subscribers.
TpTrace Information: 0 : 22324, 14, 2022/05/18, 14:21:50.216, 3209648620139, vstest.console.dll, TestRunRequest:SendTestRunStatsChange: Completed.
TpTrace Verbose: 0 : 22324, 4, 2022/05/18, 14:21:50.216, 3209648620370, vstest.console.dll, MulticastDelegateUtilities.SafeInvoke: InternalTestLoggerEvents.SendTestResult: Invoking callback 1/1 for Microsoft.VisualStudio.TestPlatform.CommandLine.Internal.ConsoleLogger.TestResultHandler, took 0 ms.
TpTrace Verbose: 0 : 22324, 14, 2022/05/18, 14:21:50.216, 3209648620452, vstest.console.dll, MulticastDelegateUtilities.SafeInvoke: LengthPrefixCommunicationChannel: MessageReceived: Invoking callback 1/1 for Microsoft.VisualStudio.TestPlatform.CommunicationUtilities.TestRequestSender+<>c__DisplayClass30_0.<StartTestRun>b__1, took 0 ms.
TpTrace Verbose: 0 : 22324, 14, 2022/05/18, 14:21:50.216, 3209648621214, vstest.console.dll, TcpClientExtensions.MessageLoopAsync: Polling on remoteEndPoint: 127.0.0.1:51007 localEndPoint: 127.0.0.1:51006
TpTrace Verbose: 0 : 22324, 14, 2022/05/18, 14:21:51.225, 3209658708075, vstest.console.dll, TcpClientExtensions.MessageLoopAsync: Polling on remoteEndPoint: 127.0.0.1:51007 localEndPoint: 127.0.0.1:51006
TpTrace Verbose: 0 : 22324, 14, 2022/05/18, 14:21:52.196, 3209668421119, vstest.console.dll, TcpClientExtensions.MessageLoopAsync: NotifyDataAvailable remoteEndPoint: 127.0.0.1:51007 localEndPoint: 127.0.0.1:51006
TpTrace Verbose: 0 : 22324, 14, 2022/05/18, 14:21:52.196, 3209668422337, vstest.console.dll, TestRequestSender.OnExecutionMessageReceived: Received message: {"Version":5,"MessageType":"TestExecution.StatsChange","Payload":{"NewTestResults":[{"TestCase":{"Id":"15245e00-40da-028f-9091-edbc93d13586","FullyQualifiedName":"Selenium_Basics.Wikipedia.Test_Summator_InValid_Inputs","DisplayName":"Test_Summator_InValid_Inputs","ExecutorUri":"executor://NUnit3TestExecutor","Source":"C:\\Users\\Cvetomir\\Desktop\\QA Automation\\Selenium-Basics\\Selenium-Basics\\bin\\Debug\\net5.0\\fine-code-coverage\\build-output\\Selenium-Basics.dll","CodeFilePath":null,"LineNumber":0,"Properties":[{"Key":{"Id":"NUnit.Seed","Label":"Seed","Category":"","Description":"","Attributes":0,"ValueType":"System.String"},"Value":"1691116630"}]},"Attachments":[],"Outcome":1,"ErrorMessage":null,"ErrorStackTrace":null,"DisplayName":"Test_Summator_InValid_Inputs","Messages":[],"ComputerName":"DESKTOP-K447GHB","Duration":"00:00:01.9809980","StartTime":"2022-05-18T11:21:50.2140153+00:00","EndTime":"2022-05-18T11:21:52.1950124+00:00","Properties":[{"Key":{"Id":"NUnit.Seed","Label":"Seed","Category":"","Description":"","Attributes":0,"ValueType":"System.String"},"Value":"1691116630"}]}],"TestRunStatistics":{"ExecutedTests":8,"Stats":{"Passed":6,"Failed":2}},"ActiveTests":[{"Id":"9bc8604f-310e-c34c-e1ef-5060677f01f2","FullyQualifiedName":"Selenium_Basics.Wikipedia.Test_Summator_Valid_Inputs","DisplayName":"Test_Summator_Valid_Inputs","ExecutorUri":"executor://NUnit3TestExecutor","Source":"C:\\Users\\Cvetomir\\Desktop\\QA Automation\\Selenium-Basics\\Selenium-Basics\\bin\\Debug\\net5.0\\fine-code-coverage\\build-output\\Selenium-Basics.dll","CodeFilePath":null,"LineNumber":0,"Properties":[{"Key":{"Id":"NUnit.Seed","Label":"Seed","Category":"","Description":"","Attributes":0,"ValueType":"System.String"},"Value":"393930329"}]}]}}
TpTrace Verbose: 0 : 22324, 14, 2022/05/18, 14:21:52.197, 3209668429534, vstest.console.dll, TestRunRequest:SendTestRunStatsChange: Starting.
TpTrace Verbose: 0 : 22324, 14, 2022/05/18, 14:21:52.197, 3209668429995, vstest.console.dll, InProgress is Test_Summator_Valid_Inputs
TpTrace Verbose: 0 : 22324, 14, 2022/05/18, 14:21:52.197, 3209668430310, vstest.console.dll, MulticastDelegateUtilities.SafeInvoke: TestRun.RunStatsChanged: Invoking callbacks was skipped because there are no subscribers.
TpTrace Information: 0 : 22324, 14, 2022/05/18, 14:21:52.197, 3209668430522, vstest.console.dll, TestRunRequest:SendTestRunStatsChange: Completed.
TpTrace Verbose: 0 : 22324, 14, 2022/05/18, 14:21:52.197, 3209668430813, vstest.console.dll, MulticastDelegateUtilities.SafeInvoke: LengthPrefixCommunicationChannel: MessageReceived: Invoking callback 1/1 for Microsoft.VisualStudio.TestPlatform.CommunicationUtilities.TestRequestSender+<>c__DisplayClass30_0.<StartTestRun>b__1, took 0 ms.
TpTrace Verbose: 0 : 22324, 14, 2022/05/18, 14:21:52.197, 3209668431051, vstest.console.dll, TcpClientExtensions.MessageLoopAsync: Polling on remoteEndPoint: 127.0.0.1:51007 localEndPoint: 127.0.0.1:51006
TpTrace Verbose: 0 : 22324, 4, 2022/05/18, 14:21:52.197, 3209668431107, vstest.console.dll, MulticastDelegateUtilities.SafeInvoke: InternalTestLoggerEvents.SendTestResult: Invoking callback 1/1 for Microsoft.VisualStudio.TestPlatform.CommandLine.Internal.ConsoleLogger.TestResultHandler, took 0 ms.
TpTrace Verbose: 0 : 22324, 14, 2022/05/18, 14:21:53.207, 3209678526240, vstest.console.dll, TcpClientExtensions.MessageLoopAsync: Polling on remoteEndPoint: 127.0.0.1:51007 localEndPoint: 127.0.0.1:51006
TpTrace Verbose: 0 : 22324, 14, 2022/05/18, 14:21:54.208, 3209688535375, vstest.console.dll, TcpClientExtensions.MessageLoopAsync: Polling on remoteEndPoint: 127.0.0.1:51007 localEndPoint: 127.0.0.1:51006
TpTrace Verbose: 0 : 22324, 14, 2022/05/18, 14:21:54.231, 3209688769135, vstest.console.dll, TcpClientExtensions.MessageLoopAsync: NotifyDataAvailable remoteEndPoint: 127.0.0.1:51007 localEndPoint: 127.0.0.1:51006
TpTrace Verbose: 0 : 22324, 14, 2022/05/18, 14:21:54.231, 3209688770302, vstest.console.dll, TestRequestSender.OnExecutionMessageReceived: Received message: {"Version":5,"MessageType":"TestExecution.StatsChange","Payload":{"NewTestResults":[{"TestCase":{"Id":"9bc8604f-310e-c34c-e1ef-5060677f01f2","FullyQualifiedName":"Selenium_Basics.Wikipedia.Test_Summator_Valid_Inputs","DisplayName":"Test_Summator_Valid_Inputs","ExecutorUri":"executor://NUnit3TestExecutor","Source":"C:\\Users\\Cvetomir\\Desktop\\QA Automation\\Selenium-Basics\\Selenium-Basics\\bin\\Debug\\net5.0\\fine-code-coverage\\build-output\\Selenium-Basics.dll","CodeFilePath":null,"LineNumber":0,"Properties":[{"Key":{"Id":"NUnit.Seed","Label":"Seed","Category":"","Description":"","Attributes":0,"ValueType":"System.String"},"Value":"393930329"}]},"Attachments":[],"Outcome":1,"ErrorMessage":null,"ErrorStackTrace":null,"DisplayName":"Test_Summator_Valid_Inputs","Messages":[],"ComputerName":"DESKTOP-K447GHB","Duration":"00:00:02.0348140","StartTime":"2022-05-18T11:21:52.1950486+00:00","EndTime":"2022-05-18T11:21:54.2298616+00:00","Properties":[{"Key":{"Id":"NUnit.Seed","Label":"Seed","Category":"","Description":"","Attributes":0,"ValueType":"System.String"},"Value":"393930329"}]}],"TestRunStatistics":{"ExecutedTests":9,"Stats":{"Passed":7,"Failed":2}},"ActiveTests":[{"Id":"6dc3bad9-b647-dc53-dcde-90a34838c119","FullyQualifiedName":"Selenium_Basics.Wikipedia.Test_Summator_Valid_Negative_Inputs","DisplayName":"Test_Summator_Valid_Negative_Inputs","ExecutorUri":"executor://NUnit3TestExecutor","Source":"C:\\Users\\Cvetomir\\Desktop\\QA Automation\\Selenium-Basics\\Selenium-Basics\\bin\\Debug\\net5.0\\fine-code-coverage\\build-output\\Selenium-Basics.dll","CodeFilePath":null,"LineNumber":0,"Properties":[{"Key":{"Id":"NUnit.Seed","Label":"Seed","Category":"","Description":"","Attributes":0,"ValueType":"System.String"},"Value":"816504055"}]}]}}
TpTrace Verbose: 0 : 22324, 14, 2022/05/18, 14:21:54.232, 3209688777115, vstest.console.dll, TestRunRequest:SendTestRunStatsChange: Starting.
TpTrace Verbose: 0 : 22324, 14, 2022/05/18, 14:21:54.232, 3209688777500, vstest.console.dll, InProgress is Test_Summator_Valid_Negative_Inputs
TpTrace Verbose: 0 : 22324, 14, 2022/05/18, 14:21:54.232, 3209688777866, vstest.console.dll, MulticastDelegateUtilities.SafeInvoke: TestRun.RunStatsChanged: Invoking callbacks was skipped because there are no subscribers.
TpTrace Information: 0 : 22324, 14, 2022/05/18, 14:21:54.232, 3209688778095, vstest.console.dll, TestRunRequest:SendTestRunStatsChange: Completed.
TpTrace Verbose: 0 : 22324, 14, 2022/05/18, 14:21:54.232, 3209688778330, vstest.console.dll, MulticastDelegateUtilities.SafeInvoke: LengthPrefixCommunicationChannel: MessageReceived: Invoking callback 1/1 for Microsoft.VisualStudio.TestPlatform.CommunicationUtilities.TestRequestSender+<>c__DisplayClass30_0.<StartTestRun>b__1, took 0 ms.
TpTrace Verbose: 0 : 22324, 14, 2022/05/18, 14:21:54.232, 3209688778567, vstest.console.dll, TcpClientExtensions.MessageLoopAsync: Polling on remoteEndPoint: 127.0.0.1:51007 localEndPoint: 127.0.0.1:51006
TpTrace Verbose: 0 : 22324, 4, 2022/05/18, 14:21:54.232, 3209688778682, vstest.console.dll, MulticastDelegateUtilities.SafeInvoke: InternalTestLoggerEvents.SendTestResult: Invoking callback 1/1 for Microsoft.VisualStudio.TestPlatform.CommandLine.Internal.ConsoleLogger.TestResultHandler, took 0 ms.
TpTrace Verbose: 0 : 22324, 14, 2022/05/18, 14:21:55.244, 3209698899531, vstest.console.dll, TcpClientExtensions.MessageLoopAsync: Polling on remoteEndPoint: 127.0.0.1:51007 localEndPoint: 127.0.0.1:51006
TpTrace Verbose: 0 : 22324, 14, 2022/05/18, 14:21:56.216, 3209708617139, vstest.console.dll, TcpClientExtensions.MessageLoopAsync: NotifyDataAvailable remoteEndPoint: 127.0.0.1:51007 localEndPoint: 127.0.0.1:51006
TpTrace Verbose: 0 : 22324, 14, 2022/05/18, 14:21:56.216, 3209708618181, vstest.console.dll, TestRequestSender.OnExecutionMessageReceived: Received message: {"Version":5,"MessageType":"TestSession.Message","Payload":{"MessageLevel":0,"Message":"NUnit Adapter 4.0.0.0: Test execution complete"}}
TpTrace Verbose: 0 : 22324, 14, 2022/05/18, 14:21:56.216, 3209708619311, vstest.console.dll, TestRunRequest:SendTestRunMessage: Starting.
TpTrace Verbose: 0 : 22324, 14, 2022/05/18, 14:21:56.216, 3209708619837, vstest.console.dll, MulticastDelegateUtilities.SafeInvoke: TestRun.LogMessages: Invoking callback 1/1 for Microsoft.VisualStudio.TestPlatform.CommandLine.TestRunResultAggregator.TestRunMessageHandler, took 0 ms.
TpTrace Information: 0 : 22324, 14, 2022/05/18, 14:21:56.216, 3209708620084, vstest.console.dll, TestRunRequest:SendTestRunMessage: Completed.
TpTrace Verbose: 0 : 22324, 14, 2022/05/18, 14:21:56.216, 3209708620306, vstest.console.dll, MulticastDelegateUtilities.SafeInvoke: LengthPrefixCommunicationChannel: MessageReceived: Invoking callback 1/1 for Microsoft.VisualStudio.TestPlatform.CommunicationUtilities.TestRequestSender+<>c__DisplayClass30_0.<StartTestRun>b__1, took 0 ms.
TpTrace Verbose: 0 : 22324, 4, 2022/05/18, 14:21:56.216, 3209708620318, vstest.console.dll, MulticastDelegateUtilities.SafeInvoke: InternalTestLoggerEvents.SendTestRunMessage: Invoking callback 1/1 for Microsoft.VisualStudio.TestPlatform.CommandLine.Internal.ConsoleLogger.TestMessageHandler, took 0 ms.
TpTrace Verbose: 0 : 22324, 14, 2022/05/18, 14:21:56.216, 3209708620533, vstest.console.dll, TcpClientExtensions.MessageLoopAsync: Polling on remoteEndPoint: 127.0.0.1:51007 localEndPoint: 127.0.0.1:51006
TpTrace Verbose: 0 : 22324, 14, 2022/05/18, 14:21:56.228, 3209708736122, vstest.console.dll, TcpClientExtensions.MessageLoopAsync: NotifyDataAvailable remoteEndPoint: 127.0.0.1:51007 localEndPoint: 127.0.0.1:51006
TpTrace Verbose: 0 : 22324, 14, 2022/05/18, 14:21:56.228, 3209708737323, vstest.console.dll, TestRequestSender.OnExecutionMessageReceived: Received message: {"Version":5,"MessageType":"TestExecution.Completed","Payload":{"TestRunCompleteArgs":{"TestRunStatistics":{"ExecutedTests":10,"Stats":{"Passed":8,"Failed":2}},"IsCanceled":false,"IsAborted":false,"Error":null,"AttachmentSets":[],"ElapsedTimeInRunningTests":"00:00:23.2730513","Metrics":{}},"LastRunTests":{"NewTestResults":[{"TestCase":{"Id":"6dc3bad9-b647-dc53-dcde-90a34838c119","FullyQualifiedName":"Selenium_Basics.Wikipedia.Test_Summator_Valid_Negative_Inputs","DisplayName":"Test_Summator_Valid_Negative_Inputs","ExecutorUri":"executor://NUnit3TestExecutor","Source":"C:\\Users\\Cvetomir\\Desktop\\QA Automation\\Selenium-Basics\\Selenium-Basics\\bin\\Debug\\net5.0\\fine-code-coverage\\build-output\\Selenium-Basics.dll","CodeFilePath":null,"LineNumber":0,"Properties":[{"Key":{"Id":"NUnit.Seed","Label":"Seed","Category":"","Description":"","Attributes":0,"ValueType":"System.String"},"Value":"816504055"}]},"Attachments":[],"Outcome":1,"ErrorMessage":null,"ErrorStackTrace":null,"DisplayName":"Test_Summator_Valid_Negative_Inputs","Messages":[],"ComputerName":"DESKTOP-K447GHB","Duration":"00:00:01.9798070","StartTime":"2022-05-18T11:21:54.2298887+00:00","EndTime":"2022-05-18T11:21:56.2096948+00:00","Properties":[{"Key":{"Id":"NUnit.Seed","Label":"Seed","Category":"","Description":"","Attributes":0,"ValueType":"System.String"},"Value":"816504055"}]}],"TestRunStatistics":{"ExecutedTests":10,"Stats":{"Passed":8,"Failed":2}},"ActiveTests":[]},"RunAttachments":[],"ExecutorUris":["executor://nunit3testexecutor/"]}}
TpTrace Verbose: 0 : 22324, 14, 2022/05/18, 14:21:56.228, 3209708739178, vstest.console.dll, TestRequestSender.EndSession: Sending end session.
TpTrace Verbose: 0 : 22324, 14, 2022/05/18, 14:21:56.228, 3209708740439, vstest.console.dll, ProxyOperationManager.Close: waiting for test host to exit for 100 ms
TpTrace Warning: 0 : 22324, 13, 2022/05/18, 14:21:56.244, 3209708896942, vstest.console.dll, TestHostManagerCallbacks.ErrorReceivedCallback Test host standard error line: 
TpTrace Verbose: 0 : 22324, 13, 2022/05/18, 14:21:56.252, 3209708980166, vstest.console.dll, TestHostProvider.ExitCallBack: Host exited starting callback.
TpTrace Information: 0 : 22324, 13, 2022/05/18, 14:21:56.253, 3209708985729, vstest.console.dll, TestHostManagerCallbacks.ExitCallBack: Testhost processId: 29616 exited with exitcode: 0 error: ''
TpTrace Verbose: 0 : 22324, 13, 2022/05/18, 14:21:56.253, 3209708986260, vstest.console.dll, DotnetTestHostManager.OnHostExited: invoking OnHostExited callback
TpTrace Verbose: 0 : 22324, 13, 2022/05/18, 14:21:56.253, 3209708986786, vstest.console.dll, CrossPlatEngine.TestHostManagerHostExited: calling on client process exit callback.
TpTrace Information: 0 : 22324, 13, 2022/05/18, 14:21:56.253, 3209708987370, vstest.console.dll, TestRequestSender.OnClientProcessExit: Test host process exited. Standard error: 
TpTrace Information: 0 : 22324, 14, 2022/05/18, 14:21:56.253, 3209708987603, vstest.console.dll, SocketServer.Stop: Stop server endPoint: 127.0.0.1:51006
TpTrace Information: 0 : 22324, 13, 2022/05/18, 14:21:56.253, 3209708987819, vstest.console.dll, SocketServer.Stop: Stop server endPoint: 127.0.0.1:51006
TpTrace Information: 0 : 22324, 14, 2022/05/18, 14:21:56.253, 3209708988108, vstest.console.dll, SocketServer.Stop: Cancellation requested. Stopping message loop.
TpTrace Information: 0 : 22324, 13, 2022/05/18, 14:21:56.253, 3209708988496, vstest.console.dll, SocketServer.Stop: Cancellation requested. Stopping message loop.
TpTrace Verbose: 0 : 22324, 13, 2022/05/18, 14:21:56.253, 3209708989104, vstest.console.dll, MulticastDelegateUtilities.SafeInvoke: HostProviderEvents.OnHostExited: Invoking callback 1/1 for Microsoft.VisualStudio.TestPlatform.CrossPlatEngine.Client.ProxyOperationManager.TestHostManagerHostExited, took 0 ms.
TpTrace Information: 0 : 22324, 14, 2022/05/18, 14:21:56.253, 3209708989574, vstest.console.dll, Closing the connection
TpTrace Verbose: 0 : 22324, 14, 2022/05/18, 14:21:56.253, 3209708992945, vstest.console.dll, ProxyDataCollectionManager.InvokeDataCollectionServiceAction: Starting.
TpTrace Information: 0 : 22324, 14, 2022/05/18, 14:21:56.253, 3209708993368, vstest.console.dll, ProxyDataCollectionManager.AfterTestRunEnd: Get attachment set and invoked data collectors processId: 19752 port: 51002
TpTrace Verbose: 0 : 22324, 14, 2022/05/18, 14:21:56.253, 3209708993797, vstest.console.dll, DataCollectionRequestSender.SendAfterTestRunStartAndGetResult: Send AfterTestRunEnd message with isCancelled: False
TpTrace Verbose: 0 : 22324, 14, 2022/05/18, 14:21:56.263, 3209709086929, vstest.console.dll, DataCollectionRequestSender.SendAfterTestRunStartAndGetResult: Received message: (DataCollection.AfterTestRunEndResult) -> {
  "AttachmentSets": [],
  "InvokedDataCollectors": [
    {
      "Uri": "datacollector://Microsoft/TestPlatform/Extensions/Blame/v1",
      "FriendlyName": "Blame",
      "AssemblyQualifiedName": "Microsoft.TestPlatform.Extensions.BlameDataCollector.BlameCollector, Microsoft.TestPlatform.Extensions.BlameDataCollector, Version=15.0.0.0, Culture=neutral, PublicKeyToken=b03f5f7f11d50a3a",
      "FilePath": "C:\\Program Files\\dotnet\\sdk\\6.0.300\\Extensions\\Microsoft.TestPlatform.Extensions.BlameDataCollector.dll",
      "HasAttachmentProcessor": false
    }
  ],
  "Metrics": {}
}
TpTrace Information: 0 : 22324, 14, 2022/05/18, 14:21:56.267, 3209709129549, vstest.console.dll, ProxyDataCollectionManager.InvokeDataCollectionServiceAction: Completed.
TpTrace Warning: 0 : 22324, 10, 2022/05/18, 14:21:56.267, 3209709132368, vstest.console.dll, DataCollectionLauncher.ErrorReceivedCallback datacollector standard error line: 
TpTrace Information: 0 : 22324, 10, 2022/05/18, 14:21:56.272, 3209709178594, vstest.console.dll, DataCollectionLauncher.ExitCallBack: Data collector exited with exitcode: 0 error: ''
TpTrace Verbose: 0 : 22324, 14, 2022/05/18, 14:21:56.288, 3209709339642, vstest.console.dll, TestRunRequest:SendTestRunStatsChange: Starting.
TpTrace Verbose: 0 : 22324, 14, 2022/05/18, 14:21:56.288, 3209709340684, vstest.console.dll, MulticastDelegateUtilities.SafeInvoke: TestRun.RunStatsChanged: Invoking callbacks was skipped because there are no subscribers.
TpTrace Information: 0 : 22324, 14, 2022/05/18, 14:21:56.288, 3209709340959, vstest.console.dll, TestRunRequest:SendTestRunStatsChange: Completed.
TpTrace Verbose: 0 : 22324, 14, 2022/05/18, 14:21:56.288, 3209709342935, vstest.console.dll, ParallelProxyExecutionManager: HandlePartialRunComplete: Total completed clients = 1, Run complete = True, Run canceled: False.
TpTrace Verbose: 0 : 22324, 4, 2022/05/18, 14:21:56.290, 3209709358585, vstest.console.dll, MulticastDelegateUtilities.SafeInvoke: InternalTestLoggerEvents.SendTestResult: Invoking callback 1/1 for Microsoft.VisualStudio.TestPlatform.CommandLine.Internal.ConsoleLogger.TestResultHandler, took 1 ms.
TpTrace Verbose: 0 : 22324, 4, 2022/05/18, 14:21:56.296, 3209709415074, vstest.console.dll, MulticastDelegateUtilities.SafeInvoke: InternalTestLoggerEvents.SendTestRunComplete: Invoking callback 1/2 for Microsoft.TestPlatform.Extensions.BlameDataCollector.BlameLogger.TestRunCompleteHandler, took 0 ms.
TpTrace Verbose: 0 : 22324, 4, 2022/05/18, 14:21:56.300, 3209709457712, vstest.console.dll, MulticastDelegateUtilities.SafeInvoke: InternalTestLoggerEvents.SendTestRunComplete: Invoking callback 2/2 for Microsoft.VisualStudio.TestPlatform.CommandLine.Internal.ConsoleLogger.TestRunCompleteHandler, took 4 ms.
TpTrace Verbose: 0 : 22324, 14, 2022/05/18, 14:21:56.300, 3209709460817, vstest.console.dll, TestRunRequest:TestRunComplete: Starting. IsAborted:False IsCanceled:False.
TpTrace Verbose: 0 : 22324, 14, 2022/05/18, 14:21:56.301, 3209709467965, vstest.console.dll, TestLoggerManager.HandleTestRunComplete: Ignoring as the object is disposed.
TpTrace Verbose: 0 : 22324, 14, 2022/05/18, 14:21:56.301, 3209709469823, vstest.console.dll, MulticastDelegateUtilities.SafeInvoke: TestRun.TestRunComplete: Invoking callback 1/2 for Microsoft.VisualStudio.TestPlatform.CommandLine.TestRunResultAggregator.TestRunCompletionHandler, took 0 ms.
TpTrace Verbose: 0 : 22324, 14, 2022/05/18, 14:21:56.301, 3209709470397, vstest.console.dll, MulticastDelegateUtilities.SafeInvoke: TestRun.TestRunComplete: Invoking callback 2/2 for Microsoft.VisualStudio.TestPlatform.CommandLine.Processors.RunTestsArgumentExecutor+TestRunRequestEventsRegistrar.TestRunRequest_OnRunCompletion, took 0 ms.
TpTrace Information: 0 : 22324, 14, 2022/05/18, 14:21:56.301, 3209709471154, vstest.console.dll, TestRunRequest:TestRunComplete: Completed.
TpTrace Verbose: 0 : 22324, 14, 2022/05/18, 14:21:56.301, 3209709471498, vstest.console.dll, TestRequestSender.SetOperationComplete: Setting operation complete.
TpTrace Verbose: 0 : 22324, 1, 2022/05/18, 14:21:56.301, 3209709471638, vstest.console.dll, TestRunRequest.Dispose: Starting.
TpTrace Information: 0 : 22324, 14, 2022/05/18, 14:21:56.301, 3209709471729, vstest.console.dll, SocketServer.Stop: Stop server endPoint: 127.0.0.1:51006
TpTrace Information: 0 : 22324, 1, 2022/05/18, 14:21:56.301, 3209709472321, vstest.console.dll, TestRunRequest.Dispose: Completed.
TpTrace Information: 0 : 22324, 14, 2022/05/18, 14:21:56.301, 3209709472564, vstest.console.dll, SocketServer.Stop: Cancellation requested. Stopping message loop.
TpTrace Information: 0 : 22324, 1, 2022/05/18, 14:21:56.301, 3209709472960, vstest.console.dll, TestRequestManager.RunTests: run tests completed.
TpTrace Verbose: 0 : 22324, 14, 2022/05/18, 14:21:56.301, 3209709473079, vstest.console.dll, MulticastDelegateUtilities.SafeInvoke: LengthPrefixCommunicationChannel: MessageReceived: Invoking callback 1/1 for Microsoft.VisualStudio.TestPlatform.CommunicationUtilities.TestRequestSender+<>c__DisplayClass30_0.<StartTestRun>b__1, took 73 ms.
TpTrace Information: 0 : 22324, 14, 2022/05/18, 14:21:56.301, 3209709473611, vstest.console.dll, SocketServer.PrivateStop: Stopping server endPoint: 127.0.0.1:51006 error: 
TpTrace Information: 0 : 22324, 1, 2022/05/18, 14:21:56.301, 3209709473721, vstest.console.dll, RunTestsArgumentProcessor:Execute: Test run is completed.
TpTrace Verbose: 0 : 22324, 1, 2022/05/18, 14:21:56.302, 3209709476304, vstest.console.dll, Executor.Execute: Exiting with exit code of 1
TpTrace Verbose: 0 : 22324, 14, 2022/05/18, 14:21:56.302, 3209709480207, vstest.console.dll, LengthPrefixCommunicationChannel.Dispose: Dispose reader and writer.
TpTrace Information: 0 : 22324, 14, 2022/05/18, 14:21:56.302, 3209709481372, vstest.console.dll, SocketServer.Stop: Raise disconnected event endPoint: 127.0.0.1:51006 error: 
TpTrace Verbose: 0 : 22324, 14, 2022/05/18, 14:21:56.302, 3209709482363, vstest.console.dll, TestRequestSender: OnTestRunAbort: Operation is already complete. Skip error message.
TpTrace Verbose: 0 : 22324, 14, 2022/05/18, 14:21:56.302, 3209709482845, vstest.console.dll, MulticastDelegateUtilities.SafeInvoke: SocketServer: ClientDisconnected: Invoking callback 1/1 for Microsoft.VisualStudio.TestPlatform.CommunicationUtilities.TestRequestSender.<InitializeCommunication>b__23_1, took 0 ms.
TpTrace Verbose: 0 : 22324, 14, 2022/05/18, 14:21:56.302, 3209709483253, vstest.console.dll, TcpClientExtensions.MessageLoopAsync: exiting MessageLoopAsync remoteEndPoint: 127.0.0.1:51007 localEndPoint: 127.0.0.1:51006
